[2024-03-16T13:35:31.070+0000] {processor.py:161} INFO - Started process (PID=47) to work on /home/airflow/.local/lib/python3.8/site-packages/airflow/example_dags/example_local_kubernetes_executor.py
[2024-03-16T13:35:31.075+0000] {processor.py:830} INFO - Processing file /home/airflow/.local/lib/python3.8/site-packages/airflow/example_dags/example_local_kubernetes_executor.py for tasks to queue
[2024-03-16T13:35:31.081+0000] {logging_mixin.py:188} INFO - [2024-03-16T13:35:31.080+0000] {dagbag.py:540} INFO - Filling up the DagBag from /home/airflow/.local/lib/python3.8/site-packages/airflow/example_dags/example_local_kubernetes_executor.py
[2024-03-16T13:35:31.111+0000] {processor.py:840} INFO - DAG(s) 'example_local_kubernetes_executor' retrieved from /home/airflow/.local/lib/python3.8/site-packages/airflow/example_dags/example_local_kubernetes_executor.py
[2024-03-16T13:35:31.734+0000] {logging_mixin.py:188} INFO - [2024-03-16T13:35:31.732+0000] {dag.py:3047} INFO - Sync 1 DAGs
[2024-03-16T13:35:31.891+0000] {logging_mixin.py:188} INFO - [2024-03-16T13:35:31.873+0000] {dag.py:3834} INFO - Setting next_dagrun for example_local_kubernetes_executor to None, run_after=None
[2024-03-16T13:35:32.004+0000] {processor.py:183} INFO - Processing /home/airflow/.local/lib/python3.8/site-packages/airflow/example_dags/example_local_kubernetes_executor.py took 0.944 seconds
[2024-03-16T13:36:02.456+0000] {processor.py:161} INFO - Started process (PID=102) to work on /home/airflow/.local/lib/python3.8/site-packages/airflow/example_dags/example_local_kubernetes_executor.py
[2024-03-16T13:36:02.458+0000] {processor.py:830} INFO - Processing file /home/airflow/.local/lib/python3.8/site-packages/airflow/example_dags/example_local_kubernetes_executor.py for tasks to queue
[2024-03-16T13:36:02.462+0000] {logging_mixin.py:188} INFO - [2024-03-16T13:36:02.461+0000] {dagbag.py:540} INFO - Filling up the DagBag from /home/airflow/.local/lib/python3.8/site-packages/airflow/example_dags/example_local_kubernetes_executor.py
[2024-03-16T13:36:02.476+0000] {processor.py:840} INFO - DAG(s) 'example_local_kubernetes_executor' retrieved from /home/airflow/.local/lib/python3.8/site-packages/airflow/example_dags/example_local_kubernetes_executor.py
[2024-03-16T13:36:02.537+0000] {logging_mixin.py:188} INFO - [2024-03-16T13:36:02.537+0000] {dag.py:3047} INFO - Sync 1 DAGs
[2024-03-16T13:36:02.562+0000] {logging_mixin.py:188} INFO - [2024-03-16T13:36:02.562+0000] {dag.py:3834} INFO - Setting next_dagrun for example_local_kubernetes_executor to None, run_after=None
[2024-03-16T13:36:02.601+0000] {processor.py:183} INFO - Processing /home/airflow/.local/lib/python3.8/site-packages/airflow/example_dags/example_local_kubernetes_executor.py took 0.150 seconds
[2024-03-16T13:36:32.787+0000] {processor.py:161} INFO - Started process (PID=157) to work on /home/airflow/.local/lib/python3.8/site-packages/airflow/example_dags/example_local_kubernetes_executor.py
[2024-03-16T13:36:32.790+0000] {processor.py:830} INFO - Processing file /home/airflow/.local/lib/python3.8/site-packages/airflow/example_dags/example_local_kubernetes_executor.py for tasks to queue
[2024-03-16T13:36:32.796+0000] {logging_mixin.py:188} INFO - [2024-03-16T13:36:32.795+0000] {dagbag.py:540} INFO - Filling up the DagBag from /home/airflow/.local/lib/python3.8/site-packages/airflow/example_dags/example_local_kubernetes_executor.py
[2024-03-16T13:36:32.812+0000] {processor.py:840} INFO - DAG(s) 'example_local_kubernetes_executor' retrieved from /home/airflow/.local/lib/python3.8/site-packages/airflow/example_dags/example_local_kubernetes_executor.py
[2024-03-16T13:36:32.882+0000] {logging_mixin.py:188} INFO - [2024-03-16T13:36:32.880+0000] {dag.py:3047} INFO - Sync 1 DAGs
[2024-03-16T13:36:32.912+0000] {logging_mixin.py:188} INFO - [2024-03-16T13:36:32.912+0000] {dag.py:3834} INFO - Setting next_dagrun for example_local_kubernetes_executor to None, run_after=None
[2024-03-16T13:36:32.946+0000] {processor.py:183} INFO - Processing /home/airflow/.local/lib/python3.8/site-packages/airflow/example_dags/example_local_kubernetes_executor.py took 0.167 seconds
[2024-03-16T13:37:06.203+0000] {processor.py:161} INFO - Started process (PID=206) to work on /home/airflow/.local/lib/python3.8/site-packages/airflow/example_dags/example_local_kubernetes_executor.py
[2024-03-16T13:37:06.208+0000] {processor.py:830} INFO - Processing file /home/airflow/.local/lib/python3.8/site-packages/airflow/example_dags/example_local_kubernetes_executor.py for tasks to queue
[2024-03-16T13:37:06.216+0000] {logging_mixin.py:188} INFO - [2024-03-16T13:37:06.214+0000] {dagbag.py:540} INFO - Filling up the DagBag from /home/airflow/.local/lib/python3.8/site-packages/airflow/example_dags/example_local_kubernetes_executor.py
[2024-03-16T13:37:06.260+0000] {processor.py:840} INFO - DAG(s) 'example_local_kubernetes_executor' retrieved from /home/airflow/.local/lib/python3.8/site-packages/airflow/example_dags/example_local_kubernetes_executor.py
[2024-03-16T13:37:06.393+0000] {logging_mixin.py:188} INFO - [2024-03-16T13:37:06.393+0000] {dag.py:3047} INFO - Sync 1 DAGs
[2024-03-16T13:37:06.433+0000] {logging_mixin.py:188} INFO - [2024-03-16T13:37:06.432+0000] {dag.py:3834} INFO - Setting next_dagrun for example_local_kubernetes_executor to None, run_after=None
[2024-03-16T13:37:06.466+0000] {processor.py:183} INFO - Processing /home/airflow/.local/lib/python3.8/site-packages/airflow/example_dags/example_local_kubernetes_executor.py took 0.271 seconds
[2024-03-16T13:37:37.529+0000] {processor.py:161} INFO - Started process (PID=261) to work on /home/airflow/.local/lib/python3.8/site-packages/airflow/example_dags/example_local_kubernetes_executor.py
[2024-03-16T13:37:37.533+0000] {processor.py:830} INFO - Processing file /home/airflow/.local/lib/python3.8/site-packages/airflow/example_dags/example_local_kubernetes_executor.py for tasks to queue
[2024-03-16T13:37:37.544+0000] {logging_mixin.py:188} INFO - [2024-03-16T13:37:37.541+0000] {dagbag.py:540} INFO - Filling up the DagBag from /home/airflow/.local/lib/python3.8/site-packages/airflow/example_dags/example_local_kubernetes_executor.py
[2024-03-16T13:37:37.568+0000] {processor.py:840} INFO - DAG(s) 'example_local_kubernetes_executor' retrieved from /home/airflow/.local/lib/python3.8/site-packages/airflow/example_dags/example_local_kubernetes_executor.py
[2024-03-16T13:37:37.773+0000] {logging_mixin.py:188} INFO - [2024-03-16T13:37:37.768+0000] {dag.py:3047} INFO - Sync 1 DAGs
[2024-03-16T13:37:37.872+0000] {logging_mixin.py:188} INFO - [2024-03-16T13:37:37.866+0000] {dag.py:3834} INFO - Setting next_dagrun for example_local_kubernetes_executor to None, run_after=None
[2024-03-16T13:37:43.653+0000] {processor.py:183} INFO - Processing /home/airflow/.local/lib/python3.8/site-packages/airflow/example_dags/example_local_kubernetes_executor.py took 6.136 seconds
[2024-03-16T13:42:29.657+0000] {processor.py:161} INFO - Started process (PID=340) to work on /home/airflow/.local/lib/python3.8/site-packages/airflow/example_dags/example_local_kubernetes_executor.py
[2024-03-16T13:42:29.678+0000] {processor.py:830} INFO - Processing file /home/airflow/.local/lib/python3.8/site-packages/airflow/example_dags/example_local_kubernetes_executor.py for tasks to queue
[2024-03-16T13:42:29.694+0000] {logging_mixin.py:188} INFO - [2024-03-16T13:42:29.688+0000] {dagbag.py:540} INFO - Filling up the DagBag from /home/airflow/.local/lib/python3.8/site-packages/airflow/example_dags/example_local_kubernetes_executor.py
[2024-03-16T13:42:30.213+0000] {processor.py:840} INFO - DAG(s) 'example_local_kubernetes_executor' retrieved from /home/airflow/.local/lib/python3.8/site-packages/airflow/example_dags/example_local_kubernetes_executor.py
[2024-03-16T13:42:45.977+0000] {logging_mixin.py:188} INFO - [2024-03-16T13:42:45.968+0000] {dag.py:3047} INFO - Sync 1 DAGs
[2024-03-16T13:42:48.762+0000] {logging_mixin.py:188} INFO - [2024-03-16T13:42:48.740+0000] {dag.py:3834} INFO - Setting next_dagrun for example_local_kubernetes_executor to None, run_after=None
[2024-03-16T13:42:49.301+0000] {processor.py:183} INFO - Processing /home/airflow/.local/lib/python3.8/site-packages/airflow/example_dags/example_local_kubernetes_executor.py took 19.797 seconds
