[2024-03-16T13:35:50.636+0000] {processor.py:161} INFO - Started process (PID=81) to work on /home/airflow/.local/lib/python3.8/site-packages/airflow/example_dags/example_nested_branch_dag.py
[2024-03-16T13:35:50.638+0000] {processor.py:830} INFO - Processing file /home/airflow/.local/lib/python3.8/site-packages/airflow/example_dags/example_nested_branch_dag.py for tasks to queue
[2024-03-16T13:35:50.642+0000] {logging_mixin.py:188} INFO - [2024-03-16T13:35:50.642+0000] {dagbag.py:540} INFO - Filling up the DagBag from /home/airflow/.local/lib/python3.8/site-packages/airflow/example_dags/example_nested_branch_dag.py
[2024-03-16T13:35:50.663+0000] {processor.py:840} INFO - DAG(s) 'example_nested_branch_dag' retrieved from /home/airflow/.local/lib/python3.8/site-packages/airflow/example_dags/example_nested_branch_dag.py
[2024-03-16T13:35:51.002+0000] {logging_mixin.py:188} INFO - [2024-03-16T13:35:51.001+0000] {dag.py:3047} INFO - Sync 1 DAGs
[2024-03-16T13:35:51.048+0000] {logging_mixin.py:188} INFO - [2024-03-16T13:35:51.047+0000] {dag.py:3834} INFO - Setting next_dagrun for example_nested_branch_dag to 2024-03-15 00:00:00+00:00, run_after=2024-03-16 00:00:00+00:00
[2024-03-16T13:35:51.108+0000] {processor.py:183} INFO - Processing /home/airflow/.local/lib/python3.8/site-packages/airflow/example_dags/example_nested_branch_dag.py took 0.477 seconds
[2024-03-16T13:36:21.478+0000] {processor.py:161} INFO - Started process (PID=136) to work on /home/airflow/.local/lib/python3.8/site-packages/airflow/example_dags/example_nested_branch_dag.py
[2024-03-16T13:36:21.482+0000] {processor.py:830} INFO - Processing file /home/airflow/.local/lib/python3.8/site-packages/airflow/example_dags/example_nested_branch_dag.py for tasks to queue
[2024-03-16T13:36:21.491+0000] {logging_mixin.py:188} INFO - [2024-03-16T13:36:21.490+0000] {dagbag.py:540} INFO - Filling up the DagBag from /home/airflow/.local/lib/python3.8/site-packages/airflow/example_dags/example_nested_branch_dag.py
[2024-03-16T13:36:21.538+0000] {processor.py:840} INFO - DAG(s) 'example_nested_branch_dag' retrieved from /home/airflow/.local/lib/python3.8/site-packages/airflow/example_dags/example_nested_branch_dag.py
[2024-03-16T13:36:21.611+0000] {logging_mixin.py:188} INFO - [2024-03-16T13:36:21.611+0000] {dag.py:3047} INFO - Sync 1 DAGs
[2024-03-16T13:36:21.687+0000] {logging_mixin.py:188} INFO - [2024-03-16T13:36:21.686+0000] {dag.py:3834} INFO - Setting next_dagrun for example_nested_branch_dag to 2024-03-15 00:00:00+00:00, run_after=2024-03-16 00:00:00+00:00
[2024-03-16T13:36:21.725+0000] {processor.py:183} INFO - Processing /home/airflow/.local/lib/python3.8/site-packages/airflow/example_dags/example_nested_branch_dag.py took 0.259 seconds
[2024-03-16T13:37:05.119+0000] {processor.py:161} INFO - Started process (PID=198) to work on /home/airflow/.local/lib/python3.8/site-packages/airflow/example_dags/example_nested_branch_dag.py
[2024-03-16T13:37:05.122+0000] {processor.py:830} INFO - Processing file /home/airflow/.local/lib/python3.8/site-packages/airflow/example_dags/example_nested_branch_dag.py for tasks to queue
[2024-03-16T13:37:05.127+0000] {logging_mixin.py:188} INFO - [2024-03-16T13:37:05.126+0000] {dagbag.py:540} INFO - Filling up the DagBag from /home/airflow/.local/lib/python3.8/site-packages/airflow/example_dags/example_nested_branch_dag.py
[2024-03-16T13:37:05.147+0000] {processor.py:840} INFO - DAG(s) 'example_nested_branch_dag' retrieved from /home/airflow/.local/lib/python3.8/site-packages/airflow/example_dags/example_nested_branch_dag.py
[2024-03-16T13:37:05.195+0000] {logging_mixin.py:188} INFO - [2024-03-16T13:37:05.194+0000] {dag.py:3047} INFO - Sync 1 DAGs
[2024-03-16T13:37:05.237+0000] {logging_mixin.py:188} INFO - [2024-03-16T13:37:05.236+0000] {dag.py:3834} INFO - Setting next_dagrun for example_nested_branch_dag to 2024-03-15 00:00:00+00:00, run_after=2024-03-16 00:00:00+00:00
[2024-03-16T13:37:05.281+0000] {processor.py:183} INFO - Processing /home/airflow/.local/lib/python3.8/site-packages/airflow/example_dags/example_nested_branch_dag.py took 0.168 seconds
[2024-03-16T13:37:36.704+0000] {processor.py:161} INFO - Started process (PID=257) to work on /home/airflow/.local/lib/python3.8/site-packages/airflow/example_dags/example_nested_branch_dag.py
[2024-03-16T13:37:36.710+0000] {processor.py:830} INFO - Processing file /home/airflow/.local/lib/python3.8/site-packages/airflow/example_dags/example_nested_branch_dag.py for tasks to queue
[2024-03-16T13:37:36.717+0000] {logging_mixin.py:188} INFO - [2024-03-16T13:37:36.716+0000] {dagbag.py:540} INFO - Filling up the DagBag from /home/airflow/.local/lib/python3.8/site-packages/airflow/example_dags/example_nested_branch_dag.py
[2024-03-16T13:37:36.761+0000] {processor.py:840} INFO - DAG(s) 'example_nested_branch_dag' retrieved from /home/airflow/.local/lib/python3.8/site-packages/airflow/example_dags/example_nested_branch_dag.py
[2024-03-16T13:37:36.850+0000] {logging_mixin.py:188} INFO - [2024-03-16T13:37:36.850+0000] {dag.py:3047} INFO - Sync 1 DAGs
[2024-03-16T13:37:36.934+0000] {logging_mixin.py:188} INFO - [2024-03-16T13:37:36.934+0000] {dag.py:3834} INFO - Setting next_dagrun for example_nested_branch_dag to 2024-03-15 00:00:00+00:00, run_after=2024-03-16 00:00:00+00:00
[2024-03-16T13:37:36.994+0000] {processor.py:183} INFO - Processing /home/airflow/.local/lib/python3.8/site-packages/airflow/example_dags/example_nested_branch_dag.py took 0.301 seconds
