[2024-03-16T13:35:41.725+0000] {processor.py:161} INFO - Started process (PID=61) to work on /home/airflow/.local/lib/python3.8/site-packages/airflow/example_dags/example_task_group_decorator.py
[2024-03-16T13:35:41.731+0000] {processor.py:830} INFO - Processing file /home/airflow/.local/lib/python3.8/site-packages/airflow/example_dags/example_task_group_decorator.py for tasks to queue
[2024-03-16T13:35:41.739+0000] {logging_mixin.py:188} INFO - [2024-03-16T13:35:41.737+0000] {dagbag.py:540} INFO - Filling up the DagBag from /home/airflow/.local/lib/python3.8/site-packages/airflow/example_dags/example_task_group_decorator.py
[2024-03-16T13:35:41.790+0000] {processor.py:840} INFO - DAG(s) 'example_task_group_decorator' retrieved from /home/airflow/.local/lib/python3.8/site-packages/airflow/example_dags/example_task_group_decorator.py
[2024-03-16T13:35:42.146+0000] {logging_mixin.py:188} INFO - [2024-03-16T13:35:42.138+0000] {dag.py:3047} INFO - Sync 1 DAGs
[2024-03-16T13:35:42.262+0000] {logging_mixin.py:188} INFO - [2024-03-16T13:35:42.257+0000] {dag.py:3834} INFO - Setting next_dagrun for example_task_group_decorator to 2024-03-15 00:00:00+00:00, run_after=2024-03-16 00:00:00+00:00
[2024-03-16T13:35:42.345+0000] {processor.py:183} INFO - Processing /home/airflow/.local/lib/python3.8/site-packages/airflow/example_dags/example_task_group_decorator.py took 0.626 seconds
[2024-03-16T13:36:12.501+0000] {processor.py:161} INFO - Started process (PID=116) to work on /home/airflow/.local/lib/python3.8/site-packages/airflow/example_dags/example_task_group_decorator.py
[2024-03-16T13:36:12.503+0000] {processor.py:830} INFO - Processing file /home/airflow/.local/lib/python3.8/site-packages/airflow/example_dags/example_task_group_decorator.py for tasks to queue
[2024-03-16T13:36:12.507+0000] {logging_mixin.py:188} INFO - [2024-03-16T13:36:12.506+0000] {dagbag.py:540} INFO - Filling up the DagBag from /home/airflow/.local/lib/python3.8/site-packages/airflow/example_dags/example_task_group_decorator.py
[2024-03-16T13:36:12.545+0000] {processor.py:840} INFO - DAG(s) 'example_task_group_decorator' retrieved from /home/airflow/.local/lib/python3.8/site-packages/airflow/example_dags/example_task_group_decorator.py
[2024-03-16T13:36:12.622+0000] {logging_mixin.py:188} INFO - [2024-03-16T13:36:12.621+0000] {dag.py:3047} INFO - Sync 1 DAGs
[2024-03-16T13:36:12.680+0000] {logging_mixin.py:188} INFO - [2024-03-16T13:36:12.680+0000] {dag.py:3834} INFO - Setting next_dagrun for example_task_group_decorator to 2024-03-15 00:00:00+00:00, run_after=2024-03-16 00:00:00+00:00
[2024-03-16T13:36:12.708+0000] {processor.py:183} INFO - Processing /home/airflow/.local/lib/python3.8/site-packages/airflow/example_dags/example_task_group_decorator.py took 0.213 seconds
[2024-03-16T13:36:43.451+0000] {processor.py:161} INFO - Started process (PID=171) to work on /home/airflow/.local/lib/python3.8/site-packages/airflow/example_dags/example_task_group_decorator.py
[2024-03-16T13:36:43.455+0000] {processor.py:830} INFO - Processing file /home/airflow/.local/lib/python3.8/site-packages/airflow/example_dags/example_task_group_decorator.py for tasks to queue
[2024-03-16T13:36:43.460+0000] {logging_mixin.py:188} INFO - [2024-03-16T13:36:43.459+0000] {dagbag.py:540} INFO - Filling up the DagBag from /home/airflow/.local/lib/python3.8/site-packages/airflow/example_dags/example_task_group_decorator.py
[2024-03-16T13:36:43.506+0000] {processor.py:840} INFO - DAG(s) 'example_task_group_decorator' retrieved from /home/airflow/.local/lib/python3.8/site-packages/airflow/example_dags/example_task_group_decorator.py
[2024-03-16T13:36:43.609+0000] {logging_mixin.py:188} INFO - [2024-03-16T13:36:43.608+0000] {dag.py:3047} INFO - Sync 1 DAGs
[2024-03-16T13:36:43.974+0000] {logging_mixin.py:188} INFO - [2024-03-16T13:36:43.973+0000] {dag.py:3834} INFO - Setting next_dagrun for example_task_group_decorator to 2024-03-15 00:00:00+00:00, run_after=2024-03-16 00:00:00+00:00
[2024-03-16T13:36:44.043+0000] {processor.py:183} INFO - Processing /home/airflow/.local/lib/python3.8/site-packages/airflow/example_dags/example_task_group_decorator.py took 0.601 seconds
[2024-03-16T13:37:14.277+0000] {processor.py:161} INFO - Started process (PID=226) to work on /home/airflow/.local/lib/python3.8/site-packages/airflow/example_dags/example_task_group_decorator.py
[2024-03-16T13:37:14.280+0000] {processor.py:830} INFO - Processing file /home/airflow/.local/lib/python3.8/site-packages/airflow/example_dags/example_task_group_decorator.py for tasks to queue
[2024-03-16T13:37:14.285+0000] {logging_mixin.py:188} INFO - [2024-03-16T13:37:14.284+0000] {dagbag.py:540} INFO - Filling up the DagBag from /home/airflow/.local/lib/python3.8/site-packages/airflow/example_dags/example_task_group_decorator.py
[2024-03-16T13:37:14.329+0000] {processor.py:840} INFO - DAG(s) 'example_task_group_decorator' retrieved from /home/airflow/.local/lib/python3.8/site-packages/airflow/example_dags/example_task_group_decorator.py
[2024-03-16T13:37:14.379+0000] {logging_mixin.py:188} INFO - [2024-03-16T13:37:14.379+0000] {dag.py:3047} INFO - Sync 1 DAGs
[2024-03-16T13:37:14.427+0000] {logging_mixin.py:188} INFO - [2024-03-16T13:37:14.426+0000] {dag.py:3834} INFO - Setting next_dagrun for example_task_group_decorator to 2024-03-15 00:00:00+00:00, run_after=2024-03-16 00:00:00+00:00
[2024-03-16T13:37:14.467+0000] {processor.py:183} INFO - Processing /home/airflow/.local/lib/python3.8/site-packages/airflow/example_dags/example_task_group_decorator.py took 0.195 seconds
[2024-03-16T13:38:28.439+0000] {processor.py:161} INFO - Started process (PID=281) to work on /home/airflow/.local/lib/python3.8/site-packages/airflow/example_dags/example_task_group_decorator.py
[2024-03-16T13:38:28.442+0000] {processor.py:830} INFO - Processing file /home/airflow/.local/lib/python3.8/site-packages/airflow/example_dags/example_task_group_decorator.py for tasks to queue
[2024-03-16T13:38:28.453+0000] {logging_mixin.py:188} INFO - [2024-03-16T13:38:28.449+0000] {dagbag.py:540} INFO - Filling up the DagBag from /home/airflow/.local/lib/python3.8/site-packages/airflow/example_dags/example_task_group_decorator.py
[2024-03-16T13:38:28.542+0000] {processor.py:840} INFO - DAG(s) 'example_task_group_decorator' retrieved from /home/airflow/.local/lib/python3.8/site-packages/airflow/example_dags/example_task_group_decorator.py
[2024-03-16T13:38:28.737+0000] {logging_mixin.py:188} INFO - [2024-03-16T13:38:28.721+0000] {dag.py:3047} INFO - Sync 1 DAGs
[2024-03-16T13:38:31.196+0000] {logging_mixin.py:188} INFO - [2024-03-16T13:38:31.154+0000] {dag.py:3834} INFO - Setting next_dagrun for example_task_group_decorator to 2024-03-15 00:00:00+00:00, run_after=2024-03-16 00:00:00+00:00
[2024-03-16T13:38:32.547+0000] {processor.py:183} INFO - Processing /home/airflow/.local/lib/python3.8/site-packages/airflow/example_dags/example_task_group_decorator.py took 4.122 seconds
[2024-03-16T13:43:34.674+0000] {processor.py:161} INFO - Started process (PID=366) to work on /home/airflow/.local/lib/python3.8/site-packages/airflow/example_dags/example_task_group_decorator.py
[2024-03-16T13:43:36.743+0000] {processor.py:830} INFO - Processing file /home/airflow/.local/lib/python3.8/site-packages/airflow/example_dags/example_task_group_decorator.py for tasks to queue
[2024-03-16T13:43:36.770+0000] {logging_mixin.py:188} INFO - [2024-03-16T13:43:36.759+0000] {dagbag.py:540} INFO - Filling up the DagBag from /home/airflow/.local/lib/python3.8/site-packages/airflow/example_dags/example_task_group_decorator.py
[2024-03-16T13:43:38.265+0000] {processor.py:840} INFO - DAG(s) 'example_task_group_decorator' retrieved from /home/airflow/.local/lib/python3.8/site-packages/airflow/example_dags/example_task_group_decorator.py
[2024-03-16T13:43:38.680+0000] {logging_mixin.py:188} INFO - [2024-03-16T13:43:38.678+0000] {dag.py:3047} INFO - Sync 1 DAGs
[2024-03-16T13:43:38.901+0000] {logging_mixin.py:188} INFO - [2024-03-16T13:43:38.900+0000] {dag.py:3834} INFO - Setting next_dagrun for example_task_group_decorator to 2024-03-15 00:00:00+00:00, run_after=2024-03-16 00:00:00+00:00
[2024-03-16T13:43:39.005+0000] {processor.py:183} INFO - Processing /home/airflow/.local/lib/python3.8/site-packages/airflow/example_dags/example_task_group_decorator.py took 5.573 seconds
