[2024-03-16T13:35:48.964+0000] {processor.py:161} INFO - Started process (PID=73) to work on /home/airflow/.local/lib/python3.8/site-packages/airflow/example_dags/example_external_task_marker_dag.py
[2024-03-16T13:35:48.967+0000] {processor.py:830} INFO - Processing file /home/airflow/.local/lib/python3.8/site-packages/airflow/example_dags/example_external_task_marker_dag.py for tasks to queue
[2024-03-16T13:35:48.976+0000] {logging_mixin.py:188} INFO - [2024-03-16T13:35:48.975+0000] {dagbag.py:540} INFO - Filling up the DagBag from /home/airflow/.local/lib/python3.8/site-packages/airflow/example_dags/example_external_task_marker_dag.py
[2024-03-16T13:35:49.004+0000] {processor.py:840} INFO - DAG(s) 'example_external_task_marker_child', 'example_external_task_marker_parent' retrieved from /home/airflow/.local/lib/python3.8/site-packages/airflow/example_dags/example_external_task_marker_dag.py
[2024-03-16T13:35:49.237+0000] {logging_mixin.py:188} INFO - [2024-03-16T13:35:49.236+0000] {dag.py:3047} INFO - Sync 2 DAGs
[2024-03-16T13:35:49.259+0000] {logging_mixin.py:188} INFO - [2024-03-16T13:35:49.258+0000] {dag.py:3834} INFO - Setting next_dagrun for example_external_task_marker_child to None, run_after=None
[2024-03-16T13:35:49.264+0000] {logging_mixin.py:188} INFO - [2024-03-16T13:35:49.264+0000] {dag.py:3834} INFO - Setting next_dagrun for example_external_task_marker_parent to None, run_after=None
[2024-03-16T13:35:49.296+0000] {processor.py:183} INFO - Processing /home/airflow/.local/lib/python3.8/site-packages/airflow/example_dags/example_external_task_marker_dag.py took 0.340 seconds
[2024-03-16T13:36:20.120+0000] {processor.py:161} INFO - Started process (PID=128) to work on /home/airflow/.local/lib/python3.8/site-packages/airflow/example_dags/example_external_task_marker_dag.py
[2024-03-16T13:36:20.124+0000] {processor.py:830} INFO - Processing file /home/airflow/.local/lib/python3.8/site-packages/airflow/example_dags/example_external_task_marker_dag.py for tasks to queue
[2024-03-16T13:36:20.129+0000] {logging_mixin.py:188} INFO - [2024-03-16T13:36:20.128+0000] {dagbag.py:540} INFO - Filling up the DagBag from /home/airflow/.local/lib/python3.8/site-packages/airflow/example_dags/example_external_task_marker_dag.py
[2024-03-16T13:36:20.141+0000] {processor.py:840} INFO - DAG(s) 'example_external_task_marker_parent', 'example_external_task_marker_child' retrieved from /home/airflow/.local/lib/python3.8/site-packages/airflow/example_dags/example_external_task_marker_dag.py
[2024-03-16T13:36:20.198+0000] {logging_mixin.py:188} INFO - [2024-03-16T13:36:20.197+0000] {dag.py:3047} INFO - Sync 2 DAGs
[2024-03-16T13:36:20.232+0000] {logging_mixin.py:188} INFO - [2024-03-16T13:36:20.231+0000] {dag.py:3834} INFO - Setting next_dagrun for example_external_task_marker_child to None, run_after=None
[2024-03-16T13:36:20.242+0000] {logging_mixin.py:188} INFO - [2024-03-16T13:36:20.241+0000] {dag.py:3834} INFO - Setting next_dagrun for example_external_task_marker_parent to None, run_after=None
[2024-03-16T13:36:20.274+0000] {processor.py:183} INFO - Processing /home/airflow/.local/lib/python3.8/site-packages/airflow/example_dags/example_external_task_marker_dag.py took 0.164 seconds
[2024-03-16T13:36:50.387+0000] {processor.py:161} INFO - Started process (PID=183) to work on /home/airflow/.local/lib/python3.8/site-packages/airflow/example_dags/example_external_task_marker_dag.py
[2024-03-16T13:36:50.389+0000] {processor.py:830} INFO - Processing file /home/airflow/.local/lib/python3.8/site-packages/airflow/example_dags/example_external_task_marker_dag.py for tasks to queue
[2024-03-16T13:36:50.393+0000] {logging_mixin.py:188} INFO - [2024-03-16T13:36:50.393+0000] {dagbag.py:540} INFO - Filling up the DagBag from /home/airflow/.local/lib/python3.8/site-packages/airflow/example_dags/example_external_task_marker_dag.py
[2024-03-16T13:36:50.410+0000] {processor.py:840} INFO - DAG(s) 'example_external_task_marker_child', 'example_external_task_marker_parent' retrieved from /home/airflow/.local/lib/python3.8/site-packages/airflow/example_dags/example_external_task_marker_dag.py
[2024-03-16T13:36:50.467+0000] {logging_mixin.py:188} INFO - [2024-03-16T13:36:50.464+0000] {dag.py:3047} INFO - Sync 2 DAGs
[2024-03-16T13:36:50.529+0000] {logging_mixin.py:188} INFO - [2024-03-16T13:36:50.524+0000] {dag.py:3834} INFO - Setting next_dagrun for example_external_task_marker_child to None, run_after=None
[2024-03-16T13:36:50.544+0000] {logging_mixin.py:188} INFO - [2024-03-16T13:36:50.543+0000] {dag.py:3834} INFO - Setting next_dagrun for example_external_task_marker_parent to None, run_after=None
[2024-03-16T13:36:50.598+0000] {processor.py:183} INFO - Processing /home/airflow/.local/lib/python3.8/site-packages/airflow/example_dags/example_external_task_marker_dag.py took 0.219 seconds
[2024-03-16T13:37:20.788+0000] {processor.py:161} INFO - Started process (PID=239) to work on /home/airflow/.local/lib/python3.8/site-packages/airflow/example_dags/example_external_task_marker_dag.py
[2024-03-16T13:37:20.791+0000] {processor.py:830} INFO - Processing file /home/airflow/.local/lib/python3.8/site-packages/airflow/example_dags/example_external_task_marker_dag.py for tasks to queue
[2024-03-16T13:37:20.798+0000] {logging_mixin.py:188} INFO - [2024-03-16T13:37:20.797+0000] {dagbag.py:540} INFO - Filling up the DagBag from /home/airflow/.local/lib/python3.8/site-packages/airflow/example_dags/example_external_task_marker_dag.py
[2024-03-16T13:37:20.808+0000] {processor.py:840} INFO - DAG(s) 'example_external_task_marker_child', 'example_external_task_marker_parent' retrieved from /home/airflow/.local/lib/python3.8/site-packages/airflow/example_dags/example_external_task_marker_dag.py
[2024-03-16T13:37:20.849+0000] {logging_mixin.py:188} INFO - [2024-03-16T13:37:20.848+0000] {dag.py:3047} INFO - Sync 2 DAGs
[2024-03-16T13:37:20.880+0000] {logging_mixin.py:188} INFO - [2024-03-16T13:37:20.879+0000] {dag.py:3834} INFO - Setting next_dagrun for example_external_task_marker_child to None, run_after=None
[2024-03-16T13:37:20.889+0000] {logging_mixin.py:188} INFO - [2024-03-16T13:37:20.889+0000] {dag.py:3834} INFO - Setting next_dagrun for example_external_task_marker_parent to None, run_after=None
[2024-03-16T13:37:20.922+0000] {processor.py:183} INFO - Processing /home/airflow/.local/lib/python3.8/site-packages/airflow/example_dags/example_external_task_marker_dag.py took 0.141 seconds
[2024-03-16T13:40:41.225+0000] {processor.py:161} INFO - Started process (PID=306) to work on /home/airflow/.local/lib/python3.8/site-packages/airflow/example_dags/example_external_task_marker_dag.py
[2024-03-16T13:40:41.234+0000] {processor.py:830} INFO - Processing file /home/airflow/.local/lib/python3.8/site-packages/airflow/example_dags/example_external_task_marker_dag.py for tasks to queue
[2024-03-16T13:40:41.239+0000] {logging_mixin.py:188} INFO - [2024-03-16T13:40:41.237+0000] {dagbag.py:540} INFO - Filling up the DagBag from /home/airflow/.local/lib/python3.8/site-packages/airflow/example_dags/example_external_task_marker_dag.py
[2024-03-16T13:40:41.328+0000] {processor.py:840} INFO - DAG(s) 'example_external_task_marker_child', 'example_external_task_marker_parent' retrieved from /home/airflow/.local/lib/python3.8/site-packages/airflow/example_dags/example_external_task_marker_dag.py
[2024-03-16T13:40:43.953+0000] {logging_mixin.py:188} INFO - [2024-03-16T13:40:43.951+0000] {dag.py:3047} INFO - Sync 2 DAGs
[2024-03-16T13:40:53.860+0000] {logging_mixin.py:188} INFO - [2024-03-16T13:40:53.854+0000] {dag.py:3834} INFO - Setting next_dagrun for example_external_task_marker_child to None, run_after=None
[2024-03-16T13:40:53.925+0000] {logging_mixin.py:188} INFO - [2024-03-16T13:40:53.919+0000] {dag.py:3834} INFO - Setting next_dagrun for example_external_task_marker_parent to None, run_after=None
[2024-03-16T13:40:54.223+0000] {processor.py:183} INFO - Processing /home/airflow/.local/lib/python3.8/site-packages/airflow/example_dags/example_external_task_marker_dag.py took 13.028 seconds
