[2024-03-16T13:35:44.923+0000] {processor.py:161} INFO - Started process (PID=65) to work on /home/airflow/.local/lib/python3.8/site-packages/airflow/example_dags/example_sensor_decorator.py
[2024-03-16T13:35:44.926+0000] {processor.py:830} INFO - Processing file /home/airflow/.local/lib/python3.8/site-packages/airflow/example_dags/example_sensor_decorator.py for tasks to queue
[2024-03-16T13:35:44.937+0000] {logging_mixin.py:188} INFO - [2024-03-16T13:35:44.936+0000] {dagbag.py:540} INFO - Filling up the DagBag from /home/airflow/.local/lib/python3.8/site-packages/airflow/example_dags/example_sensor_decorator.py
[2024-03-16T13:35:44.969+0000] {processor.py:840} INFO - DAG(s) 'example_sensor_decorator' retrieved from /home/airflow/.local/lib/python3.8/site-packages/airflow/example_dags/example_sensor_decorator.py
[2024-03-16T13:35:45.549+0000] {logging_mixin.py:188} INFO - [2024-03-16T13:35:45.528+0000] {dag.py:3047} INFO - Sync 1 DAGs
[2024-03-16T13:35:46.010+0000] {logging_mixin.py:188} INFO - [2024-03-16T13:35:45.976+0000] {dag.py:3834} INFO - Setting next_dagrun for example_sensor_decorator to None, run_after=None
[2024-03-16T13:35:46.860+0000] {processor.py:183} INFO - Processing /home/airflow/.local/lib/python3.8/site-packages/airflow/example_dags/example_sensor_decorator.py took 1.954 seconds
[2024-03-16T13:36:17.073+0000] {processor.py:161} INFO - Started process (PID=120) to work on /home/airflow/.local/lib/python3.8/site-packages/airflow/example_dags/example_sensor_decorator.py
[2024-03-16T13:36:17.076+0000] {processor.py:830} INFO - Processing file /home/airflow/.local/lib/python3.8/site-packages/airflow/example_dags/example_sensor_decorator.py for tasks to queue
[2024-03-16T13:36:17.079+0000] {logging_mixin.py:188} INFO - [2024-03-16T13:36:17.079+0000] {dagbag.py:540} INFO - Filling up the DagBag from /home/airflow/.local/lib/python3.8/site-packages/airflow/example_dags/example_sensor_decorator.py
[2024-03-16T13:36:17.090+0000] {processor.py:840} INFO - DAG(s) 'example_sensor_decorator' retrieved from /home/airflow/.local/lib/python3.8/site-packages/airflow/example_dags/example_sensor_decorator.py
[2024-03-16T13:36:17.146+0000] {logging_mixin.py:188} INFO - [2024-03-16T13:36:17.145+0000] {dag.py:3047} INFO - Sync 1 DAGs
[2024-03-16T13:36:17.169+0000] {logging_mixin.py:188} INFO - [2024-03-16T13:36:17.168+0000] {dag.py:3834} INFO - Setting next_dagrun for example_sensor_decorator to None, run_after=None
[2024-03-16T13:36:17.252+0000] {processor.py:183} INFO - Processing /home/airflow/.local/lib/python3.8/site-packages/airflow/example_dags/example_sensor_decorator.py took 0.185 seconds
[2024-03-16T13:36:48.326+0000] {processor.py:161} INFO - Started process (PID=175) to work on /home/airflow/.local/lib/python3.8/site-packages/airflow/example_dags/example_sensor_decorator.py
[2024-03-16T13:36:48.330+0000] {processor.py:830} INFO - Processing file /home/airflow/.local/lib/python3.8/site-packages/airflow/example_dags/example_sensor_decorator.py for tasks to queue
[2024-03-16T13:36:48.337+0000] {logging_mixin.py:188} INFO - [2024-03-16T13:36:48.336+0000] {dagbag.py:540} INFO - Filling up the DagBag from /home/airflow/.local/lib/python3.8/site-packages/airflow/example_dags/example_sensor_decorator.py
[2024-03-16T13:36:48.373+0000] {processor.py:840} INFO - DAG(s) 'example_sensor_decorator' retrieved from /home/airflow/.local/lib/python3.8/site-packages/airflow/example_dags/example_sensor_decorator.py
[2024-03-16T13:36:48.434+0000] {logging_mixin.py:188} INFO - [2024-03-16T13:36:48.434+0000] {dag.py:3047} INFO - Sync 1 DAGs
[2024-03-16T13:36:48.462+0000] {logging_mixin.py:188} INFO - [2024-03-16T13:36:48.462+0000] {dag.py:3834} INFO - Setting next_dagrun for example_sensor_decorator to None, run_after=None
[2024-03-16T13:36:48.498+0000] {processor.py:183} INFO - Processing /home/airflow/.local/lib/python3.8/site-packages/airflow/example_dags/example_sensor_decorator.py took 0.180 seconds
[2024-03-16T13:37:18.728+0000] {processor.py:161} INFO - Started process (PID=231) to work on /home/airflow/.local/lib/python3.8/site-packages/airflow/example_dags/example_sensor_decorator.py
[2024-03-16T13:37:18.732+0000] {processor.py:830} INFO - Processing file /home/airflow/.local/lib/python3.8/site-packages/airflow/example_dags/example_sensor_decorator.py for tasks to queue
[2024-03-16T13:37:18.737+0000] {logging_mixin.py:188} INFO - [2024-03-16T13:37:18.737+0000] {dagbag.py:540} INFO - Filling up the DagBag from /home/airflow/.local/lib/python3.8/site-packages/airflow/example_dags/example_sensor_decorator.py
[2024-03-16T13:37:18.755+0000] {processor.py:840} INFO - DAG(s) 'example_sensor_decorator' retrieved from /home/airflow/.local/lib/python3.8/site-packages/airflow/example_dags/example_sensor_decorator.py
[2024-03-16T13:37:18.800+0000] {logging_mixin.py:188} INFO - [2024-03-16T13:37:18.799+0000] {dag.py:3047} INFO - Sync 1 DAGs
[2024-03-16T13:37:18.843+0000] {logging_mixin.py:188} INFO - [2024-03-16T13:37:18.842+0000] {dag.py:3834} INFO - Setting next_dagrun for example_sensor_decorator to None, run_after=None
[2024-03-16T13:37:18.880+0000] {processor.py:183} INFO - Processing /home/airflow/.local/lib/python3.8/site-packages/airflow/example_dags/example_sensor_decorator.py took 0.162 seconds
[2024-03-16T13:39:46.759+0000] {processor.py:161} INFO - Started process (PID=285) to work on /home/airflow/.local/lib/python3.8/site-packages/airflow/example_dags/example_sensor_decorator.py
[2024-03-16T13:39:46.776+0000] {processor.py:830} INFO - Processing file /home/airflow/.local/lib/python3.8/site-packages/airflow/example_dags/example_sensor_decorator.py for tasks to queue
[2024-03-16T13:39:46.799+0000] {logging_mixin.py:188} INFO - [2024-03-16T13:39:46.790+0000] {dagbag.py:540} INFO - Filling up the DagBag from /home/airflow/.local/lib/python3.8/site-packages/airflow/example_dags/example_sensor_decorator.py
[2024-03-16T13:39:47.053+0000] {processor.py:840} INFO - DAG(s) 'example_sensor_decorator' retrieved from /home/airflow/.local/lib/python3.8/site-packages/airflow/example_dags/example_sensor_decorator.py
[2024-03-16T13:39:47.408+0000] {logging_mixin.py:188} INFO - [2024-03-16T13:39:47.407+0000] {dag.py:3047} INFO - Sync 1 DAGs
[2024-03-16T13:39:47.615+0000] {logging_mixin.py:188} INFO - [2024-03-16T13:39:47.614+0000] {dag.py:3834} INFO - Setting next_dagrun for example_sensor_decorator to None, run_after=None
[2024-03-16T13:39:48.100+0000] {processor.py:183} INFO - Processing /home/airflow/.local/lib/python3.8/site-packages/airflow/example_dags/example_sensor_decorator.py took 1.526 seconds
[2024-03-16T13:43:48.787+0000] {processor.py:161} INFO - Started process (PID=370) to work on /home/airflow/.local/lib/python3.8/site-packages/airflow/example_dags/example_sensor_decorator.py
[2024-03-16T13:43:48.839+0000] {processor.py:830} INFO - Processing file /home/airflow/.local/lib/python3.8/site-packages/airflow/example_dags/example_sensor_decorator.py for tasks to queue
[2024-03-16T13:43:48.883+0000] {logging_mixin.py:188} INFO - [2024-03-16T13:43:48.875+0000] {dagbag.py:540} INFO - Filling up the DagBag from /home/airflow/.local/lib/python3.8/site-packages/airflow/example_dags/example_sensor_decorator.py
[2024-03-16T13:43:49.207+0000] {processor.py:840} INFO - DAG(s) 'example_sensor_decorator' retrieved from /home/airflow/.local/lib/python3.8/site-packages/airflow/example_dags/example_sensor_decorator.py
[2024-03-16T13:43:50.047+0000] {logging_mixin.py:188} INFO - [2024-03-16T13:43:50.041+0000] {dag.py:3047} INFO - Sync 1 DAGs
[2024-03-16T13:43:50.205+0000] {logging_mixin.py:188} INFO - [2024-03-16T13:43:50.204+0000] {dag.py:3834} INFO - Setting next_dagrun for example_sensor_decorator to None, run_after=None
[2024-03-16T13:43:50.307+0000] {processor.py:183} INFO - Processing /home/airflow/.local/lib/python3.8/site-packages/airflow/example_dags/example_sensor_decorator.py took 5.215 seconds
