[2024-03-16T13:35:30.382+0000] {processor.py:161} INFO - Started process (PID=44) to work on /home/airflow/.local/lib/python3.8/site-packages/airflow/example_dags/example_trigger_target_dag.py
[2024-03-16T13:35:30.385+0000] {processor.py:830} INFO - Processing file /home/airflow/.local/lib/python3.8/site-packages/airflow/example_dags/example_trigger_target_dag.py for tasks to queue
[2024-03-16T13:35:30.395+0000] {logging_mixin.py:188} INFO - [2024-03-16T13:35:30.392+0000] {dagbag.py:540} INFO - Filling up the DagBag from /home/airflow/.local/lib/python3.8/site-packages/airflow/example_dags/example_trigger_target_dag.py
[2024-03-16T13:35:30.441+0000] {processor.py:840} INFO - DAG(s) 'example_trigger_target_dag' retrieved from /home/airflow/.local/lib/python3.8/site-packages/airflow/example_dags/example_trigger_target_dag.py
[2024-03-16T13:35:30.770+0000] {logging_mixin.py:188} INFO - [2024-03-16T13:35:30.770+0000] {dag.py:3047} INFO - Sync 1 DAGs
[2024-03-16T13:35:30.807+0000] {logging_mixin.py:188} INFO - [2024-03-16T13:35:30.807+0000] {dag.py:3834} INFO - Setting next_dagrun for example_trigger_target_dag to None, run_after=None
[2024-03-16T13:35:30.849+0000] {processor.py:183} INFO - Processing /home/airflow/.local/lib/python3.8/site-packages/airflow/example_dags/example_trigger_target_dag.py took 0.475 seconds
[2024-03-16T13:36:01.282+0000] {processor.py:161} INFO - Started process (PID=99) to work on /home/airflow/.local/lib/python3.8/site-packages/airflow/example_dags/example_trigger_target_dag.py
[2024-03-16T13:36:01.284+0000] {processor.py:830} INFO - Processing file /home/airflow/.local/lib/python3.8/site-packages/airflow/example_dags/example_trigger_target_dag.py for tasks to queue
[2024-03-16T13:36:01.287+0000] {logging_mixin.py:188} INFO - [2024-03-16T13:36:01.287+0000] {dagbag.py:540} INFO - Filling up the DagBag from /home/airflow/.local/lib/python3.8/site-packages/airflow/example_dags/example_trigger_target_dag.py
[2024-03-16T13:36:01.299+0000] {processor.py:840} INFO - DAG(s) 'example_trigger_target_dag' retrieved from /home/airflow/.local/lib/python3.8/site-packages/airflow/example_dags/example_trigger_target_dag.py
[2024-03-16T13:36:01.328+0000] {logging_mixin.py:188} INFO - [2024-03-16T13:36:01.328+0000] {dag.py:3047} INFO - Sync 1 DAGs
[2024-03-16T13:36:01.348+0000] {logging_mixin.py:188} INFO - [2024-03-16T13:36:01.347+0000] {dag.py:3834} INFO - Setting next_dagrun for example_trigger_target_dag to None, run_after=None
[2024-03-16T13:36:01.377+0000] {processor.py:183} INFO - Processing /home/airflow/.local/lib/python3.8/site-packages/airflow/example_dags/example_trigger_target_dag.py took 0.100 seconds
[2024-03-16T13:36:31.607+0000] {processor.py:161} INFO - Started process (PID=154) to work on /home/airflow/.local/lib/python3.8/site-packages/airflow/example_dags/example_trigger_target_dag.py
[2024-03-16T13:36:31.609+0000] {processor.py:830} INFO - Processing file /home/airflow/.local/lib/python3.8/site-packages/airflow/example_dags/example_trigger_target_dag.py for tasks to queue
[2024-03-16T13:36:31.615+0000] {logging_mixin.py:188} INFO - [2024-03-16T13:36:31.614+0000] {dagbag.py:540} INFO - Filling up the DagBag from /home/airflow/.local/lib/python3.8/site-packages/airflow/example_dags/example_trigger_target_dag.py
[2024-03-16T13:36:31.630+0000] {processor.py:840} INFO - DAG(s) 'example_trigger_target_dag' retrieved from /home/airflow/.local/lib/python3.8/site-packages/airflow/example_dags/example_trigger_target_dag.py
[2024-03-16T13:36:31.670+0000] {logging_mixin.py:188} INFO - [2024-03-16T13:36:31.670+0000] {dag.py:3047} INFO - Sync 1 DAGs
[2024-03-16T13:36:31.691+0000] {logging_mixin.py:188} INFO - [2024-03-16T13:36:31.691+0000] {dag.py:3834} INFO - Setting next_dagrun for example_trigger_target_dag to None, run_after=None
[2024-03-16T13:36:31.723+0000] {processor.py:183} INFO - Processing /home/airflow/.local/lib/python3.8/site-packages/airflow/example_dags/example_trigger_target_dag.py took 0.122 seconds
[2024-03-16T13:37:05.813+0000] {processor.py:161} INFO - Started process (PID=203) to work on /home/airflow/.local/lib/python3.8/site-packages/airflow/example_dags/example_trigger_target_dag.py
[2024-03-16T13:37:05.817+0000] {processor.py:830} INFO - Processing file /home/airflow/.local/lib/python3.8/site-packages/airflow/example_dags/example_trigger_target_dag.py for tasks to queue
[2024-03-16T13:37:05.821+0000] {logging_mixin.py:188} INFO - [2024-03-16T13:37:05.821+0000] {dagbag.py:540} INFO - Filling up the DagBag from /home/airflow/.local/lib/python3.8/site-packages/airflow/example_dags/example_trigger_target_dag.py
[2024-03-16T13:37:05.842+0000] {processor.py:840} INFO - DAG(s) 'example_trigger_target_dag' retrieved from /home/airflow/.local/lib/python3.8/site-packages/airflow/example_dags/example_trigger_target_dag.py
[2024-03-16T13:37:05.884+0000] {logging_mixin.py:188} INFO - [2024-03-16T13:37:05.884+0000] {dag.py:3047} INFO - Sync 1 DAGs
[2024-03-16T13:37:05.907+0000] {logging_mixin.py:188} INFO - [2024-03-16T13:37:05.907+0000] {dag.py:3834} INFO - Setting next_dagrun for example_trigger_target_dag to None, run_after=None
[2024-03-16T13:37:05.954+0000] {processor.py:183} INFO - Processing /home/airflow/.local/lib/python3.8/site-packages/airflow/example_dags/example_trigger_target_dag.py took 0.148 seconds
[2024-03-16T13:37:36.496+0000] {processor.py:161} INFO - Started process (PID=256) to work on /home/airflow/.local/lib/python3.8/site-packages/airflow/example_dags/example_trigger_target_dag.py
[2024-03-16T13:37:36.500+0000] {processor.py:830} INFO - Processing file /home/airflow/.local/lib/python3.8/site-packages/airflow/example_dags/example_trigger_target_dag.py for tasks to queue
[2024-03-16T13:37:36.505+0000] {logging_mixin.py:188} INFO - [2024-03-16T13:37:36.505+0000] {dagbag.py:540} INFO - Filling up the DagBag from /home/airflow/.local/lib/python3.8/site-packages/airflow/example_dags/example_trigger_target_dag.py
[2024-03-16T13:37:36.524+0000] {processor.py:840} INFO - DAG(s) 'example_trigger_target_dag' retrieved from /home/airflow/.local/lib/python3.8/site-packages/airflow/example_dags/example_trigger_target_dag.py
[2024-03-16T13:37:36.607+0000] {logging_mixin.py:188} INFO - [2024-03-16T13:37:36.606+0000] {dag.py:3047} INFO - Sync 1 DAGs
[2024-03-16T13:37:36.663+0000] {logging_mixin.py:188} INFO - [2024-03-16T13:37:36.662+0000] {dag.py:3834} INFO - Setting next_dagrun for example_trigger_target_dag to None, run_after=None
[2024-03-16T13:37:36.716+0000] {processor.py:183} INFO - Processing /home/airflow/.local/lib/python3.8/site-packages/airflow/example_dags/example_trigger_target_dag.py took 0.229 seconds
[2024-03-16T13:41:58.594+0000] {processor.py:161} INFO - Started process (PID=331) to work on /home/airflow/.local/lib/python3.8/site-packages/airflow/example_dags/example_trigger_target_dag.py
[2024-03-16T13:41:58.623+0000] {processor.py:830} INFO - Processing file /home/airflow/.local/lib/python3.8/site-packages/airflow/example_dags/example_trigger_target_dag.py for tasks to queue
[2024-03-16T13:41:58.647+0000] {logging_mixin.py:188} INFO - [2024-03-16T13:41:58.635+0000] {dagbag.py:540} INFO - Filling up the DagBag from /home/airflow/.local/lib/python3.8/site-packages/airflow/example_dags/example_trigger_target_dag.py
[2024-03-16T13:41:58.981+0000] {processor.py:840} INFO - DAG(s) 'example_trigger_target_dag' retrieved from /home/airflow/.local/lib/python3.8/site-packages/airflow/example_dags/example_trigger_target_dag.py
[2024-03-16T13:41:59.276+0000] {logging_mixin.py:188} INFO - [2024-03-16T13:41:59.262+0000] {dag.py:3047} INFO - Sync 1 DAGs
[2024-03-16T13:41:59.506+0000] {logging_mixin.py:188} INFO - [2024-03-16T13:41:59.500+0000] {dag.py:3834} INFO - Setting next_dagrun for example_trigger_target_dag to None, run_after=None
[2024-03-16T13:42:03.805+0000] {processor.py:183} INFO - Processing /home/airflow/.local/lib/python3.8/site-packages/airflow/example_dags/example_trigger_target_dag.py took 4.605 seconds
