[2024-03-16T13:35:28.533+0000] {processor.py:161} INFO - Started process (PID=34) to work on /home/airflow/.local/lib/python3.8/site-packages/airflow/example_dags/example_branch_labels.py
[2024-03-16T13:35:28.543+0000] {processor.py:830} INFO - Processing file /home/airflow/.local/lib/python3.8/site-packages/airflow/example_dags/example_branch_labels.py for tasks to queue
[2024-03-16T13:35:28.551+0000] {logging_mixin.py:188} INFO - [2024-03-16T13:35:28.550+0000] {dagbag.py:540} INFO - Filling up the DagBag from /home/airflow/.local/lib/python3.8/site-packages/airflow/example_dags/example_branch_labels.py
[2024-03-16T13:35:28.609+0000] {processor.py:840} INFO - DAG(s) 'example_branch_labels' retrieved from /home/airflow/.local/lib/python3.8/site-packages/airflow/example_dags/example_branch_labels.py
[2024-03-16T13:35:29.324+0000] {logging_mixin.py:188} INFO - [2024-03-16T13:35:29.324+0000] {dag.py:3047} INFO - Sync 1 DAGs
[2024-03-16T13:35:29.427+0000] {logging_mixin.py:188} INFO - [2024-03-16T13:35:29.426+0000] {dag.py:3834} INFO - Setting next_dagrun for example_branch_labels to 2024-03-15 00:00:00+00:00, run_after=2024-03-16 00:00:00+00:00
[2024-03-16T13:35:29.495+0000] {processor.py:183} INFO - Processing /home/airflow/.local/lib/python3.8/site-packages/airflow/example_dags/example_branch_labels.py took 0.969 seconds
[2024-03-16T13:36:00.067+0000] {processor.py:161} INFO - Started process (PID=97) to work on /home/airflow/.local/lib/python3.8/site-packages/airflow/example_dags/example_branch_labels.py
[2024-03-16T13:36:00.069+0000] {processor.py:830} INFO - Processing file /home/airflow/.local/lib/python3.8/site-packages/airflow/example_dags/example_branch_labels.py for tasks to queue
[2024-03-16T13:36:00.074+0000] {logging_mixin.py:188} INFO - [2024-03-16T13:36:00.073+0000] {dagbag.py:540} INFO - Filling up the DagBag from /home/airflow/.local/lib/python3.8/site-packages/airflow/example_dags/example_branch_labels.py
[2024-03-16T13:36:00.092+0000] {processor.py:840} INFO - DAG(s) 'example_branch_labels' retrieved from /home/airflow/.local/lib/python3.8/site-packages/airflow/example_dags/example_branch_labels.py
[2024-03-16T13:36:00.136+0000] {logging_mixin.py:188} INFO - [2024-03-16T13:36:00.135+0000] {dag.py:3047} INFO - Sync 1 DAGs
[2024-03-16T13:36:00.191+0000] {logging_mixin.py:188} INFO - [2024-03-16T13:36:00.190+0000] {dag.py:3834} INFO - Setting next_dagrun for example_branch_labels to 2024-03-15 00:00:00+00:00, run_after=2024-03-16 00:00:00+00:00
[2024-03-16T13:36:00.231+0000] {processor.py:183} INFO - Processing /home/airflow/.local/lib/python3.8/site-packages/airflow/example_dags/example_branch_labels.py took 0.170 seconds
[2024-03-16T13:36:30.392+0000] {processor.py:161} INFO - Started process (PID=152) to work on /home/airflow/.local/lib/python3.8/site-packages/airflow/example_dags/example_branch_labels.py
[2024-03-16T13:36:30.394+0000] {processor.py:830} INFO - Processing file /home/airflow/.local/lib/python3.8/site-packages/airflow/example_dags/example_branch_labels.py for tasks to queue
[2024-03-16T13:36:30.399+0000] {logging_mixin.py:188} INFO - [2024-03-16T13:36:30.398+0000] {dagbag.py:540} INFO - Filling up the DagBag from /home/airflow/.local/lib/python3.8/site-packages/airflow/example_dags/example_branch_labels.py
[2024-03-16T13:36:30.414+0000] {processor.py:840} INFO - DAG(s) 'example_branch_labels' retrieved from /home/airflow/.local/lib/python3.8/site-packages/airflow/example_dags/example_branch_labels.py
[2024-03-16T13:36:30.451+0000] {logging_mixin.py:188} INFO - [2024-03-16T13:36:30.451+0000] {dag.py:3047} INFO - Sync 1 DAGs
[2024-03-16T13:36:30.498+0000] {logging_mixin.py:188} INFO - [2024-03-16T13:36:30.498+0000] {dag.py:3834} INFO - Setting next_dagrun for example_branch_labels to 2024-03-15 00:00:00+00:00, run_after=2024-03-16 00:00:00+00:00
[2024-03-16T13:36:30.554+0000] {processor.py:183} INFO - Processing /home/airflow/.local/lib/python3.8/site-packages/airflow/example_dags/example_branch_labels.py took 0.170 seconds
[2024-03-16T13:37:05.559+0000] {processor.py:161} INFO - Started process (PID=201) to work on /home/airflow/.local/lib/python3.8/site-packages/airflow/example_dags/example_branch_labels.py
[2024-03-16T13:37:05.562+0000] {processor.py:830} INFO - Processing file /home/airflow/.local/lib/python3.8/site-packages/airflow/example_dags/example_branch_labels.py for tasks to queue
[2024-03-16T13:37:05.567+0000] {logging_mixin.py:188} INFO - [2024-03-16T13:37:05.566+0000] {dagbag.py:540} INFO - Filling up the DagBag from /home/airflow/.local/lib/python3.8/site-packages/airflow/example_dags/example_branch_labels.py
[2024-03-16T13:37:05.592+0000] {processor.py:840} INFO - DAG(s) 'example_branch_labels' retrieved from /home/airflow/.local/lib/python3.8/site-packages/airflow/example_dags/example_branch_labels.py
[2024-03-16T13:37:05.638+0000] {logging_mixin.py:188} INFO - [2024-03-16T13:37:05.637+0000] {dag.py:3047} INFO - Sync 1 DAGs
[2024-03-16T13:37:05.692+0000] {logging_mixin.py:188} INFO - [2024-03-16T13:37:05.691+0000] {dag.py:3834} INFO - Setting next_dagrun for example_branch_labels to 2024-03-15 00:00:00+00:00, run_after=2024-03-16 00:00:00+00:00
[2024-03-16T13:37:05.727+0000] {processor.py:183} INFO - Processing /home/airflow/.local/lib/python3.8/site-packages/airflow/example_dags/example_branch_labels.py took 0.173 seconds
[2024-03-16T13:37:36.189+0000] {processor.py:161} INFO - Started process (PID=254) to work on /home/airflow/.local/lib/python3.8/site-packages/airflow/example_dags/example_branch_labels.py
[2024-03-16T13:37:36.192+0000] {processor.py:830} INFO - Processing file /home/airflow/.local/lib/python3.8/site-packages/airflow/example_dags/example_branch_labels.py for tasks to queue
[2024-03-16T13:37:36.196+0000] {logging_mixin.py:188} INFO - [2024-03-16T13:37:36.196+0000] {dagbag.py:540} INFO - Filling up the DagBag from /home/airflow/.local/lib/python3.8/site-packages/airflow/example_dags/example_branch_labels.py
[2024-03-16T13:37:36.217+0000] {processor.py:840} INFO - DAG(s) 'example_branch_labels' retrieved from /home/airflow/.local/lib/python3.8/site-packages/airflow/example_dags/example_branch_labels.py
[2024-03-16T13:37:36.267+0000] {logging_mixin.py:188} INFO - [2024-03-16T13:37:36.266+0000] {dag.py:3047} INFO - Sync 1 DAGs
[2024-03-16T13:37:36.319+0000] {logging_mixin.py:188} INFO - [2024-03-16T13:37:36.319+0000] {dag.py:3834} INFO - Setting next_dagrun for example_branch_labels to 2024-03-15 00:00:00+00:00, run_after=2024-03-16 00:00:00+00:00
[2024-03-16T13:37:36.362+0000] {processor.py:183} INFO - Processing /home/airflow/.local/lib/python3.8/site-packages/airflow/example_dags/example_branch_labels.py took 0.179 seconds
[2024-03-16T13:41:43.719+0000] {processor.py:161} INFO - Started process (PID=329) to work on /home/airflow/.local/lib/python3.8/site-packages/airflow/example_dags/example_branch_labels.py
[2024-03-16T13:41:43.768+0000] {processor.py:830} INFO - Processing file /home/airflow/.local/lib/python3.8/site-packages/airflow/example_dags/example_branch_labels.py for tasks to queue
[2024-03-16T13:41:43.836+0000] {logging_mixin.py:188} INFO - [2024-03-16T13:41:43.795+0000] {dagbag.py:540} INFO - Filling up the DagBag from /home/airflow/.local/lib/python3.8/site-packages/airflow/example_dags/example_branch_labels.py
[2024-03-16T13:41:44.081+0000] {processor.py:840} INFO - DAG(s) 'example_branch_labels' retrieved from /home/airflow/.local/lib/python3.8/site-packages/airflow/example_dags/example_branch_labels.py
[2024-03-16T13:41:46.769+0000] {logging_mixin.py:188} INFO - [2024-03-16T13:41:46.758+0000] {dag.py:3047} INFO - Sync 1 DAGs
[2024-03-16T13:41:54.655+0000] {logging_mixin.py:188} INFO - [2024-03-16T13:41:54.648+0000] {dag.py:3834} INFO - Setting next_dagrun for example_branch_labels to 2024-03-15 00:00:00+00:00, run_after=2024-03-16 00:00:00+00:00
[2024-03-16T13:41:58.292+0000] {processor.py:183} INFO - Processing /home/airflow/.local/lib/python3.8/site-packages/airflow/example_dags/example_branch_labels.py took 15.993 seconds
