[2024-03-16T13:35:35.111+0000] {processor.py:161} INFO - Started process (PID=53) to work on /home/airflow/.local/lib/python3.8/site-packages/airflow/example_dags/example_branch_datetime_operator.py
[2024-03-16T13:35:35.114+0000] {processor.py:830} INFO - Processing file /home/airflow/.local/lib/python3.8/site-packages/airflow/example_dags/example_branch_datetime_operator.py for tasks to queue
[2024-03-16T13:35:35.122+0000] {logging_mixin.py:188} INFO - [2024-03-16T13:35:35.119+0000] {dagbag.py:540} INFO - Filling up the DagBag from /home/airflow/.local/lib/python3.8/site-packages/airflow/example_dags/example_branch_datetime_operator.py
[2024-03-16T13:35:35.197+0000] {processor.py:840} INFO - DAG(s) 'example_branch_datetime_operator_2', 'example_branch_datetime_operator_3', 'example_branch_datetime_operator' retrieved from /home/airflow/.local/lib/python3.8/site-packages/airflow/example_dags/example_branch_datetime_operator.py
[2024-03-16T13:35:39.179+0000] {logging_mixin.py:188} INFO - [2024-03-16T13:35:36.980+0000] {dag.py:3047} INFO - Sync 3 DAGs
[2024-03-16T13:35:39.366+0000] {logging_mixin.py:188} INFO - [2024-03-16T13:35:39.362+0000] {dag.py:3834} INFO - Setting next_dagrun for example_branch_datetime_operator to 2024-03-15 00:00:00+00:00, run_after=2024-03-16 00:00:00+00:00
[2024-03-16T13:35:39.382+0000] {logging_mixin.py:188} INFO - [2024-03-16T13:35:39.381+0000] {dag.py:3834} INFO - Setting next_dagrun for example_branch_datetime_operator_2 to 2024-03-15 00:00:00+00:00, run_after=2024-03-16 00:00:00+00:00
[2024-03-16T13:35:39.396+0000] {logging_mixin.py:188} INFO - [2024-03-16T13:35:39.395+0000] {dag.py:3834} INFO - Setting next_dagrun for example_branch_datetime_operator_3 to 2024-03-15 00:00:00+00:00, run_after=2024-03-16 00:00:00+00:00
[2024-03-16T13:35:39.462+0000] {processor.py:183} INFO - Processing /home/airflow/.local/lib/python3.8/site-packages/airflow/example_dags/example_branch_datetime_operator.py took 4.362 seconds
[2024-03-16T13:36:10.064+0000] {processor.py:161} INFO - Started process (PID=108) to work on /home/airflow/.local/lib/python3.8/site-packages/airflow/example_dags/example_branch_datetime_operator.py
[2024-03-16T13:36:10.072+0000] {processor.py:830} INFO - Processing file /home/airflow/.local/lib/python3.8/site-packages/airflow/example_dags/example_branch_datetime_operator.py for tasks to queue
[2024-03-16T13:36:10.084+0000] {logging_mixin.py:188} INFO - [2024-03-16T13:36:10.082+0000] {dagbag.py:540} INFO - Filling up the DagBag from /home/airflow/.local/lib/python3.8/site-packages/airflow/example_dags/example_branch_datetime_operator.py
[2024-03-16T13:36:10.118+0000] {processor.py:840} INFO - DAG(s) 'example_branch_datetime_operator_2', 'example_branch_datetime_operator', 'example_branch_datetime_operator_3' retrieved from /home/airflow/.local/lib/python3.8/site-packages/airflow/example_dags/example_branch_datetime_operator.py
[2024-03-16T13:36:10.248+0000] {logging_mixin.py:188} INFO - [2024-03-16T13:36:10.247+0000] {dag.py:3047} INFO - Sync 3 DAGs
[2024-03-16T13:36:10.450+0000] {logging_mixin.py:188} INFO - [2024-03-16T13:36:10.449+0000] {dag.py:3834} INFO - Setting next_dagrun for example_branch_datetime_operator to 2024-03-15 00:00:00+00:00, run_after=2024-03-16 00:00:00+00:00
[2024-03-16T13:36:10.466+0000] {logging_mixin.py:188} INFO - [2024-03-16T13:36:10.465+0000] {dag.py:3834} INFO - Setting next_dagrun for example_branch_datetime_operator_2 to 2024-03-15 00:00:00+00:00, run_after=2024-03-16 00:00:00+00:00
[2024-03-16T13:36:10.491+0000] {logging_mixin.py:188} INFO - [2024-03-16T13:36:10.476+0000] {dag.py:3834} INFO - Setting next_dagrun for example_branch_datetime_operator_3 to 2024-03-15 00:00:00+00:00, run_after=2024-03-16 00:00:00+00:00
[2024-03-16T13:36:10.559+0000] {processor.py:183} INFO - Processing /home/airflow/.local/lib/python3.8/site-packages/airflow/example_dags/example_branch_datetime_operator.py took 0.507 seconds
[2024-03-16T13:36:40.691+0000] {processor.py:161} INFO - Started process (PID=163) to work on /home/airflow/.local/lib/python3.8/site-packages/airflow/example_dags/example_branch_datetime_operator.py
[2024-03-16T13:36:40.694+0000] {processor.py:830} INFO - Processing file /home/airflow/.local/lib/python3.8/site-packages/airflow/example_dags/example_branch_datetime_operator.py for tasks to queue
[2024-03-16T13:36:40.700+0000] {logging_mixin.py:188} INFO - [2024-03-16T13:36:40.700+0000] {dagbag.py:540} INFO - Filling up the DagBag from /home/airflow/.local/lib/python3.8/site-packages/airflow/example_dags/example_branch_datetime_operator.py
[2024-03-16T13:36:40.720+0000] {processor.py:840} INFO - DAG(s) 'example_branch_datetime_operator_3', 'example_branch_datetime_operator', 'example_branch_datetime_operator_2' retrieved from /home/airflow/.local/lib/python3.8/site-packages/airflow/example_dags/example_branch_datetime_operator.py
[2024-03-16T13:36:40.774+0000] {logging_mixin.py:188} INFO - [2024-03-16T13:36:40.773+0000] {dag.py:3047} INFO - Sync 3 DAGs
[2024-03-16T13:36:40.814+0000] {logging_mixin.py:188} INFO - [2024-03-16T13:36:40.814+0000] {dag.py:3834} INFO - Setting next_dagrun for example_branch_datetime_operator to 2024-03-15 00:00:00+00:00, run_after=2024-03-16 00:00:00+00:00
[2024-03-16T13:36:40.824+0000] {logging_mixin.py:188} INFO - [2024-03-16T13:36:40.823+0000] {dag.py:3834} INFO - Setting next_dagrun for example_branch_datetime_operator_2 to 2024-03-15 00:00:00+00:00, run_after=2024-03-16 00:00:00+00:00
[2024-03-16T13:36:40.835+0000] {logging_mixin.py:188} INFO - [2024-03-16T13:36:40.834+0000] {dag.py:3834} INFO - Setting next_dagrun for example_branch_datetime_operator_3 to 2024-03-15 00:00:00+00:00, run_after=2024-03-16 00:00:00+00:00
[2024-03-16T13:36:40.861+0000] {processor.py:183} INFO - Processing /home/airflow/.local/lib/python3.8/site-packages/airflow/example_dags/example_branch_datetime_operator.py took 0.176 seconds
[2024-03-16T13:37:11.428+0000] {processor.py:161} INFO - Started process (PID=219) to work on /home/airflow/.local/lib/python3.8/site-packages/airflow/example_dags/example_branch_datetime_operator.py
[2024-03-16T13:37:11.430+0000] {processor.py:830} INFO - Processing file /home/airflow/.local/lib/python3.8/site-packages/airflow/example_dags/example_branch_datetime_operator.py for tasks to queue
[2024-03-16T13:37:11.434+0000] {logging_mixin.py:188} INFO - [2024-03-16T13:37:11.434+0000] {dagbag.py:540} INFO - Filling up the DagBag from /home/airflow/.local/lib/python3.8/site-packages/airflow/example_dags/example_branch_datetime_operator.py
[2024-03-16T13:37:11.469+0000] {processor.py:840} INFO - DAG(s) 'example_branch_datetime_operator_2', 'example_branch_datetime_operator', 'example_branch_datetime_operator_3' retrieved from /home/airflow/.local/lib/python3.8/site-packages/airflow/example_dags/example_branch_datetime_operator.py
[2024-03-16T13:37:11.545+0000] {logging_mixin.py:188} INFO - [2024-03-16T13:37:11.543+0000] {dag.py:3047} INFO - Sync 3 DAGs
[2024-03-16T13:37:11.624+0000] {logging_mixin.py:188} INFO - [2024-03-16T13:37:11.624+0000] {dag.py:3834} INFO - Setting next_dagrun for example_branch_datetime_operator to 2024-03-15 00:00:00+00:00, run_after=2024-03-16 00:00:00+00:00
[2024-03-16T13:37:11.638+0000] {logging_mixin.py:188} INFO - [2024-03-16T13:37:11.638+0000] {dag.py:3834} INFO - Setting next_dagrun for example_branch_datetime_operator_2 to 2024-03-15 00:00:00+00:00, run_after=2024-03-16 00:00:00+00:00
[2024-03-16T13:37:11.644+0000] {logging_mixin.py:188} INFO - [2024-03-16T13:37:11.644+0000] {dag.py:3834} INFO - Setting next_dagrun for example_branch_datetime_operator_3 to 2024-03-15 00:00:00+00:00, run_after=2024-03-16 00:00:00+00:00
[2024-03-16T13:37:11.696+0000] {processor.py:183} INFO - Processing /home/airflow/.local/lib/python3.8/site-packages/airflow/example_dags/example_branch_datetime_operator.py took 0.275 seconds
[2024-03-16T13:38:17.081+0000] {processor.py:161} INFO - Started process (PID=273) to work on /home/airflow/.local/lib/python3.8/site-packages/airflow/example_dags/example_branch_datetime_operator.py
[2024-03-16T13:38:17.105+0000] {processor.py:830} INFO - Processing file /home/airflow/.local/lib/python3.8/site-packages/airflow/example_dags/example_branch_datetime_operator.py for tasks to queue
[2024-03-16T13:38:17.118+0000] {logging_mixin.py:188} INFO - [2024-03-16T13:38:17.116+0000] {dagbag.py:540} INFO - Filling up the DagBag from /home/airflow/.local/lib/python3.8/site-packages/airflow/example_dags/example_branch_datetime_operator.py
[2024-03-16T13:38:18.665+0000] {processor.py:840} INFO - DAG(s) 'example_branch_datetime_operator_3', 'example_branch_datetime_operator_2', 'example_branch_datetime_operator' retrieved from /home/airflow/.local/lib/python3.8/site-packages/airflow/example_dags/example_branch_datetime_operator.py
[2024-03-16T13:38:18.960+0000] {logging_mixin.py:188} INFO - [2024-03-16T13:38:18.949+0000] {dag.py:3047} INFO - Sync 3 DAGs
[2024-03-16T13:38:20.499+0000] {logging_mixin.py:188} INFO - [2024-03-16T13:38:20.495+0000] {dag.py:3834} INFO - Setting next_dagrun for example_branch_datetime_operator to 2024-03-15 00:00:00+00:00, run_after=2024-03-16 00:00:00+00:00
[2024-03-16T13:38:20.523+0000] {logging_mixin.py:188} INFO - [2024-03-16T13:38:20.522+0000] {dag.py:3834} INFO - Setting next_dagrun for example_branch_datetime_operator_2 to 2024-03-15 00:00:00+00:00, run_after=2024-03-16 00:00:00+00:00
[2024-03-16T13:38:20.533+0000] {logging_mixin.py:188} INFO - [2024-03-16T13:38:20.532+0000] {dag.py:3834} INFO - Setting next_dagrun for example_branch_datetime_operator_3 to 2024-03-15 00:00:00+00:00, run_after=2024-03-16 00:00:00+00:00
[2024-03-16T13:38:22.433+0000] {processor.py:183} INFO - Processing /home/airflow/.local/lib/python3.8/site-packages/airflow/example_dags/example_branch_datetime_operator.py took 5.369 seconds
[2024-03-16T13:43:25.577+0000] {processor.py:161} INFO - Started process (PID=358) to work on /home/airflow/.local/lib/python3.8/site-packages/airflow/example_dags/example_branch_datetime_operator.py
[2024-03-16T13:43:25.594+0000] {processor.py:830} INFO - Processing file /home/airflow/.local/lib/python3.8/site-packages/airflow/example_dags/example_branch_datetime_operator.py for tasks to queue
[2024-03-16T13:43:25.621+0000] {logging_mixin.py:188} INFO - [2024-03-16T13:43:25.612+0000] {dagbag.py:540} INFO - Filling up the DagBag from /home/airflow/.local/lib/python3.8/site-packages/airflow/example_dags/example_branch_datetime_operator.py
[2024-03-16T13:43:25.933+0000] {processor.py:840} INFO - DAG(s) 'example_branch_datetime_operator_2', 'example_branch_datetime_operator', 'example_branch_datetime_operator_3' retrieved from /home/airflow/.local/lib/python3.8/site-packages/airflow/example_dags/example_branch_datetime_operator.py
[2024-03-16T13:43:26.274+0000] {logging_mixin.py:188} INFO - [2024-03-16T13:43:26.273+0000] {dag.py:3047} INFO - Sync 3 DAGs
[2024-03-16T13:43:26.499+0000] {logging_mixin.py:188} INFO - [2024-03-16T13:43:26.490+0000] {dag.py:3834} INFO - Setting next_dagrun for example_branch_datetime_operator to 2024-03-15 00:00:00+00:00, run_after=2024-03-16 00:00:00+00:00
[2024-03-16T13:43:26.540+0000] {logging_mixin.py:188} INFO - [2024-03-16T13:43:26.538+0000] {dag.py:3834} INFO - Setting next_dagrun for example_branch_datetime_operator_2 to 2024-03-15 00:00:00+00:00, run_after=2024-03-16 00:00:00+00:00
[2024-03-16T13:43:26.558+0000] {logging_mixin.py:188} INFO - [2024-03-16T13:43:26.557+0000] {dag.py:3834} INFO - Setting next_dagrun for example_branch_datetime_operator_3 to 2024-03-15 00:00:00+00:00, run_after=2024-03-16 00:00:00+00:00
[2024-03-16T13:43:26.680+0000] {processor.py:183} INFO - Processing /home/airflow/.local/lib/python3.8/site-packages/airflow/example_dags/example_branch_datetime_operator.py took 1.137 seconds
