[2024-03-16T13:35:46.970+0000] {processor.py:161} INFO - Started process (PID=66) to work on /home/airflow/.local/lib/python3.8/site-packages/airflow/example_dags/example_skip_dag.py
[2024-03-16T13:35:46.973+0000] {processor.py:830} INFO - Processing file /home/airflow/.local/lib/python3.8/site-packages/airflow/example_dags/example_skip_dag.py for tasks to queue
[2024-03-16T13:35:46.977+0000] {logging_mixin.py:188} INFO - [2024-03-16T13:35:46.977+0000] {dagbag.py:540} INFO - Filling up the DagBag from /home/airflow/.local/lib/python3.8/site-packages/airflow/example_dags/example_skip_dag.py
[2024-03-16T13:35:47.004+0000] {processor.py:840} INFO - DAG(s) 'example_skip_dag' retrieved from /home/airflow/.local/lib/python3.8/site-packages/airflow/example_dags/example_skip_dag.py
[2024-03-16T13:35:47.308+0000] {logging_mixin.py:188} INFO - [2024-03-16T13:35:47.308+0000] {dag.py:3047} INFO - Sync 1 DAGs
[2024-03-16T13:35:47.366+0000] {logging_mixin.py:188} INFO - [2024-03-16T13:35:47.365+0000] {dag.py:3834} INFO - Setting next_dagrun for example_skip_dag to 2024-03-15 00:00:00+00:00, run_after=2024-03-16 00:00:00+00:00
[2024-03-16T13:35:47.413+0000] {processor.py:183} INFO - Processing /home/airflow/.local/lib/python3.8/site-packages/airflow/example_dags/example_skip_dag.py took 0.453 seconds
[2024-03-16T13:36:18.321+0000] {processor.py:161} INFO - Started process (PID=121) to work on /home/airflow/.local/lib/python3.8/site-packages/airflow/example_dags/example_skip_dag.py
[2024-03-16T13:36:18.324+0000] {processor.py:830} INFO - Processing file /home/airflow/.local/lib/python3.8/site-packages/airflow/example_dags/example_skip_dag.py for tasks to queue
[2024-03-16T13:36:18.329+0000] {logging_mixin.py:188} INFO - [2024-03-16T13:36:18.328+0000] {dagbag.py:540} INFO - Filling up the DagBag from /home/airflow/.local/lib/python3.8/site-packages/airflow/example_dags/example_skip_dag.py
[2024-03-16T13:36:18.349+0000] {processor.py:840} INFO - DAG(s) 'example_skip_dag' retrieved from /home/airflow/.local/lib/python3.8/site-packages/airflow/example_dags/example_skip_dag.py
[2024-03-16T13:36:18.433+0000] {logging_mixin.py:188} INFO - [2024-03-16T13:36:18.432+0000] {dag.py:3047} INFO - Sync 1 DAGs
[2024-03-16T13:36:18.493+0000] {logging_mixin.py:188} INFO - [2024-03-16T13:36:18.492+0000] {dag.py:3834} INFO - Setting next_dagrun for example_skip_dag to 2024-03-15 00:00:00+00:00, run_after=2024-03-16 00:00:00+00:00
[2024-03-16T13:36:18.533+0000] {processor.py:183} INFO - Processing /home/airflow/.local/lib/python3.8/site-packages/airflow/example_dags/example_skip_dag.py took 0.222 seconds
[2024-03-16T13:36:49.358+0000] {processor.py:161} INFO - Started process (PID=176) to work on /home/airflow/.local/lib/python3.8/site-packages/airflow/example_dags/example_skip_dag.py
[2024-03-16T13:36:49.361+0000] {processor.py:830} INFO - Processing file /home/airflow/.local/lib/python3.8/site-packages/airflow/example_dags/example_skip_dag.py for tasks to queue
[2024-03-16T13:36:49.366+0000] {logging_mixin.py:188} INFO - [2024-03-16T13:36:49.365+0000] {dagbag.py:540} INFO - Filling up the DagBag from /home/airflow/.local/lib/python3.8/site-packages/airflow/example_dags/example_skip_dag.py
[2024-03-16T13:36:49.392+0000] {processor.py:840} INFO - DAG(s) 'example_skip_dag' retrieved from /home/airflow/.local/lib/python3.8/site-packages/airflow/example_dags/example_skip_dag.py
[2024-03-16T13:36:49.479+0000] {logging_mixin.py:188} INFO - [2024-03-16T13:36:49.477+0000] {dag.py:3047} INFO - Sync 1 DAGs
[2024-03-16T13:36:49.548+0000] {logging_mixin.py:188} INFO - [2024-03-16T13:36:49.547+0000] {dag.py:3834} INFO - Setting next_dagrun for example_skip_dag to 2024-03-15 00:00:00+00:00, run_after=2024-03-16 00:00:00+00:00
[2024-03-16T13:36:49.603+0000] {processor.py:183} INFO - Processing /home/airflow/.local/lib/python3.8/site-packages/airflow/example_dags/example_skip_dag.py took 0.253 seconds
[2024-03-16T13:37:19.773+0000] {processor.py:161} INFO - Started process (PID=232) to work on /home/airflow/.local/lib/python3.8/site-packages/airflow/example_dags/example_skip_dag.py
[2024-03-16T13:37:19.778+0000] {processor.py:830} INFO - Processing file /home/airflow/.local/lib/python3.8/site-packages/airflow/example_dags/example_skip_dag.py for tasks to queue
[2024-03-16T13:37:19.784+0000] {logging_mixin.py:188} INFO - [2024-03-16T13:37:19.783+0000] {dagbag.py:540} INFO - Filling up the DagBag from /home/airflow/.local/lib/python3.8/site-packages/airflow/example_dags/example_skip_dag.py
[2024-03-16T13:37:19.797+0000] {processor.py:840} INFO - DAG(s) 'example_skip_dag' retrieved from /home/airflow/.local/lib/python3.8/site-packages/airflow/example_dags/example_skip_dag.py
[2024-03-16T13:37:19.837+0000] {logging_mixin.py:188} INFO - [2024-03-16T13:37:19.837+0000] {dag.py:3047} INFO - Sync 1 DAGs
[2024-03-16T13:37:19.886+0000] {logging_mixin.py:188} INFO - [2024-03-16T13:37:19.886+0000] {dag.py:3834} INFO - Setting next_dagrun for example_skip_dag to 2024-03-15 00:00:00+00:00, run_after=2024-03-16 00:00:00+00:00
[2024-03-16T13:37:20.040+0000] {processor.py:183} INFO - Processing /home/airflow/.local/lib/python3.8/site-packages/airflow/example_dags/example_skip_dag.py took 0.299 seconds
[2024-03-16T13:39:48.370+0000] {processor.py:161} INFO - Started process (PID=292) to work on /home/airflow/.local/lib/python3.8/site-packages/airflow/example_dags/example_skip_dag.py
[2024-03-16T13:39:48.377+0000] {processor.py:830} INFO - Processing file /home/airflow/.local/lib/python3.8/site-packages/airflow/example_dags/example_skip_dag.py for tasks to queue
[2024-03-16T13:39:48.398+0000] {logging_mixin.py:188} INFO - [2024-03-16T13:39:48.390+0000] {dagbag.py:540} INFO - Filling up the DagBag from /home/airflow/.local/lib/python3.8/site-packages/airflow/example_dags/example_skip_dag.py
[2024-03-16T13:39:48.579+0000] {processor.py:840} INFO - DAG(s) 'example_skip_dag' retrieved from /home/airflow/.local/lib/python3.8/site-packages/airflow/example_dags/example_skip_dag.py
[2024-03-16T13:39:48.975+0000] {logging_mixin.py:188} INFO - [2024-03-16T13:39:48.964+0000] {dag.py:3047} INFO - Sync 1 DAGs
[2024-03-16T13:39:56.079+0000] {logging_mixin.py:188} INFO - [2024-03-16T13:39:55.754+0000] {dag.py:3834} INFO - Setting next_dagrun for example_skip_dag to 2024-03-15 00:00:00+00:00, run_after=2024-03-16 00:00:00+00:00
[2024-03-16T13:40:24.902+0000] {processor.py:183} INFO - Processing /home/airflow/.local/lib/python3.8/site-packages/airflow/example_dags/example_skip_dag.py took 36.740 seconds
[2024-03-16T13:43:49.938+0000] {processor.py:161} INFO - Started process (PID=371) to work on /home/airflow/.local/lib/python3.8/site-packages/airflow/example_dags/example_skip_dag.py
[2024-03-16T13:43:49.951+0000] {processor.py:830} INFO - Processing file /home/airflow/.local/lib/python3.8/site-packages/airflow/example_dags/example_skip_dag.py for tasks to queue
[2024-03-16T13:43:49.962+0000] {logging_mixin.py:188} INFO - [2024-03-16T13:43:49.956+0000] {dagbag.py:540} INFO - Filling up the DagBag from /home/airflow/.local/lib/python3.8/site-packages/airflow/example_dags/example_skip_dag.py
[2024-03-16T13:43:50.024+0000] {processor.py:840} INFO - DAG(s) 'example_skip_dag' retrieved from /home/airflow/.local/lib/python3.8/site-packages/airflow/example_dags/example_skip_dag.py
[2024-03-16T13:43:50.249+0000] {logging_mixin.py:188} INFO - [2024-03-16T13:43:50.249+0000] {dag.py:3047} INFO - Sync 1 DAGs
[2024-03-16T13:43:50.605+0000] {logging_mixin.py:188} INFO - [2024-03-16T13:43:50.598+0000] {dag.py:3834} INFO - Setting next_dagrun for example_skip_dag to 2024-03-15 00:00:00+00:00, run_after=2024-03-16 00:00:00+00:00
[2024-03-16T13:43:50.875+0000] {processor.py:183} INFO - Processing /home/airflow/.local/lib/python3.8/site-packages/airflow/example_dags/example_skip_dag.py took 0.973 seconds
