[2024-03-16T13:35:40.238+0000] {processor.py:161} INFO - Started process (PID=57) to work on /home/airflow/.local/lib/python3.8/site-packages/airflow/example_dags/example_branch_python_dop_operator_3.py
[2024-03-16T13:35:40.243+0000] {processor.py:830} INFO - Processing file /home/airflow/.local/lib/python3.8/site-packages/airflow/example_dags/example_branch_python_dop_operator_3.py for tasks to queue
[2024-03-16T13:35:40.251+0000] {logging_mixin.py:188} INFO - [2024-03-16T13:35:40.250+0000] {dagbag.py:540} INFO - Filling up the DagBag from /home/airflow/.local/lib/python3.8/site-packages/airflow/example_dags/example_branch_python_dop_operator_3.py
[2024-03-16T13:35:40.300+0000] {processor.py:840} INFO - DAG(s) 'example_branch_dop_operator_v3' retrieved from /home/airflow/.local/lib/python3.8/site-packages/airflow/example_dags/example_branch_python_dop_operator_3.py
[2024-03-16T13:35:40.637+0000] {logging_mixin.py:188} INFO - [2024-03-16T13:35:40.636+0000] {dag.py:3047} INFO - Sync 1 DAGs
[2024-03-16T13:35:40.703+0000] {logging_mixin.py:188} INFO - [2024-03-16T13:35:40.702+0000] {dag.py:3834} INFO - Setting next_dagrun for example_branch_dop_operator_v3 to 2024-03-16 13:34:00+00:00, run_after=2024-03-16 13:35:00+00:00
[2024-03-16T13:35:40.773+0000] {processor.py:183} INFO - Processing /home/airflow/.local/lib/python3.8/site-packages/airflow/example_dags/example_branch_python_dop_operator_3.py took 0.543 seconds
[2024-03-16T13:36:10.855+0000] {processor.py:161} INFO - Started process (PID=112) to work on /home/airflow/.local/lib/python3.8/site-packages/airflow/example_dags/example_branch_python_dop_operator_3.py
[2024-03-16T13:36:10.857+0000] {processor.py:830} INFO - Processing file /home/airflow/.local/lib/python3.8/site-packages/airflow/example_dags/example_branch_python_dop_operator_3.py for tasks to queue
[2024-03-16T13:36:10.861+0000] {logging_mixin.py:188} INFO - [2024-03-16T13:36:10.860+0000] {dagbag.py:540} INFO - Filling up the DagBag from /home/airflow/.local/lib/python3.8/site-packages/airflow/example_dags/example_branch_python_dop_operator_3.py
[2024-03-16T13:36:10.912+0000] {processor.py:840} INFO - DAG(s) 'example_branch_dop_operator_v3' retrieved from /home/airflow/.local/lib/python3.8/site-packages/airflow/example_dags/example_branch_python_dop_operator_3.py
[2024-03-16T13:36:10.978+0000] {logging_mixin.py:188} INFO - [2024-03-16T13:36:10.977+0000] {dag.py:3047} INFO - Sync 1 DAGs
[2024-03-16T13:36:11.051+0000] {logging_mixin.py:188} INFO - [2024-03-16T13:36:11.050+0000] {dag.py:3834} INFO - Setting next_dagrun for example_branch_dop_operator_v3 to 2024-03-16 13:35:00+00:00, run_after=2024-03-16 13:36:00+00:00
[2024-03-16T13:36:11.102+0000] {processor.py:183} INFO - Processing /home/airflow/.local/lib/python3.8/site-packages/airflow/example_dags/example_branch_python_dop_operator_3.py took 0.258 seconds
[2024-03-16T13:36:42.065+0000] {processor.py:161} INFO - Started process (PID=167) to work on /home/airflow/.local/lib/python3.8/site-packages/airflow/example_dags/example_branch_python_dop_operator_3.py
[2024-03-16T13:36:42.068+0000] {processor.py:830} INFO - Processing file /home/airflow/.local/lib/python3.8/site-packages/airflow/example_dags/example_branch_python_dop_operator_3.py for tasks to queue
[2024-03-16T13:36:42.072+0000] {logging_mixin.py:188} INFO - [2024-03-16T13:36:42.072+0000] {dagbag.py:540} INFO - Filling up the DagBag from /home/airflow/.local/lib/python3.8/site-packages/airflow/example_dags/example_branch_python_dop_operator_3.py
[2024-03-16T13:36:42.089+0000] {processor.py:840} INFO - DAG(s) 'example_branch_dop_operator_v3' retrieved from /home/airflow/.local/lib/python3.8/site-packages/airflow/example_dags/example_branch_python_dop_operator_3.py
[2024-03-16T13:36:42.128+0000] {logging_mixin.py:188} INFO - [2024-03-16T13:36:42.128+0000] {dag.py:3047} INFO - Sync 1 DAGs
[2024-03-16T13:36:42.179+0000] {logging_mixin.py:188} INFO - [2024-03-16T13:36:42.179+0000] {dag.py:3834} INFO - Setting next_dagrun for example_branch_dop_operator_v3 to 2024-03-16 13:35:00+00:00, run_after=2024-03-16 13:36:00+00:00
[2024-03-16T13:36:42.212+0000] {processor.py:183} INFO - Processing /home/airflow/.local/lib/python3.8/site-packages/airflow/example_dags/example_branch_python_dop_operator_3.py took 0.152 seconds
[2024-03-16T13:37:12.971+0000] {processor.py:161} INFO - Started process (PID=223) to work on /home/airflow/.local/lib/python3.8/site-packages/airflow/example_dags/example_branch_python_dop_operator_3.py
[2024-03-16T13:37:12.973+0000] {processor.py:830} INFO - Processing file /home/airflow/.local/lib/python3.8/site-packages/airflow/example_dags/example_branch_python_dop_operator_3.py for tasks to queue
[2024-03-16T13:37:12.977+0000] {logging_mixin.py:188} INFO - [2024-03-16T13:37:12.976+0000] {dagbag.py:540} INFO - Filling up the DagBag from /home/airflow/.local/lib/python3.8/site-packages/airflow/example_dags/example_branch_python_dop_operator_3.py
[2024-03-16T13:37:13.011+0000] {processor.py:840} INFO - DAG(s) 'example_branch_dop_operator_v3' retrieved from /home/airflow/.local/lib/python3.8/site-packages/airflow/example_dags/example_branch_python_dop_operator_3.py
[2024-03-16T13:37:13.062+0000] {logging_mixin.py:188} INFO - [2024-03-16T13:37:13.062+0000] {dag.py:3047} INFO - Sync 1 DAGs
[2024-03-16T13:37:13.140+0000] {logging_mixin.py:188} INFO - [2024-03-16T13:37:13.140+0000] {dag.py:3834} INFO - Setting next_dagrun for example_branch_dop_operator_v3 to 2024-03-16 13:36:00+00:00, run_after=2024-03-16 13:37:00+00:00
[2024-03-16T13:37:13.187+0000] {processor.py:183} INFO - Processing /home/airflow/.local/lib/python3.8/site-packages/airflow/example_dags/example_branch_python_dop_operator_3.py took 0.223 seconds
[2024-03-16T13:38:27.154+0000] {processor.py:161} INFO - Started process (PID=277) to work on /home/airflow/.local/lib/python3.8/site-packages/airflow/example_dags/example_branch_python_dop_operator_3.py
[2024-03-16T13:38:27.161+0000] {processor.py:830} INFO - Processing file /home/airflow/.local/lib/python3.8/site-packages/airflow/example_dags/example_branch_python_dop_operator_3.py for tasks to queue
[2024-03-16T13:38:27.174+0000] {logging_mixin.py:188} INFO - [2024-03-16T13:38:27.172+0000] {dagbag.py:540} INFO - Filling up the DagBag from /home/airflow/.local/lib/python3.8/site-packages/airflow/example_dags/example_branch_python_dop_operator_3.py
[2024-03-16T13:38:27.239+0000] {processor.py:840} INFO - DAG(s) 'example_branch_dop_operator_v3' retrieved from /home/airflow/.local/lib/python3.8/site-packages/airflow/example_dags/example_branch_python_dop_operator_3.py
[2024-03-16T13:38:27.327+0000] {logging_mixin.py:188} INFO - [2024-03-16T13:38:27.326+0000] {dag.py:3047} INFO - Sync 1 DAGs
[2024-03-16T13:38:27.437+0000] {logging_mixin.py:188} INFO - [2024-03-16T13:38:27.437+0000] {dag.py:3834} INFO - Setting next_dagrun for example_branch_dop_operator_v3 to 2024-03-16 13:37:00+00:00, run_after=2024-03-16 13:38:00+00:00
[2024-03-16T13:38:27.520+0000] {processor.py:183} INFO - Processing /home/airflow/.local/lib/python3.8/site-packages/airflow/example_dags/example_branch_python_dop_operator_3.py took 0.391 seconds
[2024-03-16T13:43:27.365+0000] {processor.py:161} INFO - Started process (PID=362) to work on /home/airflow/.local/lib/python3.8/site-packages/airflow/example_dags/example_branch_python_dop_operator_3.py
[2024-03-16T13:43:27.372+0000] {processor.py:830} INFO - Processing file /home/airflow/.local/lib/python3.8/site-packages/airflow/example_dags/example_branch_python_dop_operator_3.py for tasks to queue
[2024-03-16T13:43:27.384+0000] {logging_mixin.py:188} INFO - [2024-03-16T13:43:27.381+0000] {dagbag.py:540} INFO - Filling up the DagBag from /home/airflow/.local/lib/python3.8/site-packages/airflow/example_dags/example_branch_python_dop_operator_3.py
[2024-03-16T13:43:27.447+0000] {processor.py:840} INFO - DAG(s) 'example_branch_dop_operator_v3' retrieved from /home/airflow/.local/lib/python3.8/site-packages/airflow/example_dags/example_branch_python_dop_operator_3.py
[2024-03-16T13:43:27.521+0000] {logging_mixin.py:188} INFO - [2024-03-16T13:43:27.520+0000] {dag.py:3047} INFO - Sync 1 DAGs
[2024-03-16T13:43:27.619+0000] {logging_mixin.py:188} INFO - [2024-03-16T13:43:27.618+0000] {dag.py:3834} INFO - Setting next_dagrun for example_branch_dop_operator_v3 to 2024-03-16 13:42:00+00:00, run_after=2024-03-16 13:43:00+00:00
[2024-03-16T13:43:27.725+0000] {processor.py:183} INFO - Processing /home/airflow/.local/lib/python3.8/site-packages/airflow/example_dags/example_branch_python_dop_operator_3.py took 0.380 seconds
