[2024-03-16T13:35:47.940+0000] {processor.py:161} INFO - Started process (PID=71) to work on /home/airflow/.local/lib/python3.8/site-packages/airflow/example_dags/example_task_group.py
[2024-03-16T13:35:47.944+0000] {processor.py:830} INFO - Processing file /home/airflow/.local/lib/python3.8/site-packages/airflow/example_dags/example_task_group.py for tasks to queue
[2024-03-16T13:35:47.959+0000] {logging_mixin.py:188} INFO - [2024-03-16T13:35:47.958+0000] {dagbag.py:540} INFO - Filling up the DagBag from /home/airflow/.local/lib/python3.8/site-packages/airflow/example_dags/example_task_group.py
[2024-03-16T13:35:48.001+0000] {processor.py:840} INFO - DAG(s) 'example_task_group' retrieved from /home/airflow/.local/lib/python3.8/site-packages/airflow/example_dags/example_task_group.py
[2024-03-16T13:35:48.236+0000] {logging_mixin.py:188} INFO - [2024-03-16T13:35:48.236+0000] {dag.py:3047} INFO - Sync 1 DAGs
[2024-03-16T13:35:48.293+0000] {logging_mixin.py:188} INFO - [2024-03-16T13:35:48.293+0000] {dag.py:3834} INFO - Setting next_dagrun for example_task_group to 2024-03-15 00:00:00+00:00, run_after=2024-03-16 00:00:00+00:00
[2024-03-16T13:35:48.350+0000] {processor.py:183} INFO - Processing /home/airflow/.local/lib/python3.8/site-packages/airflow/example_dags/example_task_group.py took 0.420 seconds
[2024-03-16T13:36:18.886+0000] {processor.py:161} INFO - Started process (PID=126) to work on /home/airflow/.local/lib/python3.8/site-packages/airflow/example_dags/example_task_group.py
[2024-03-16T13:36:18.890+0000] {processor.py:830} INFO - Processing file /home/airflow/.local/lib/python3.8/site-packages/airflow/example_dags/example_task_group.py for tasks to queue
[2024-03-16T13:36:18.896+0000] {logging_mixin.py:188} INFO - [2024-03-16T13:36:18.895+0000] {dagbag.py:540} INFO - Filling up the DagBag from /home/airflow/.local/lib/python3.8/site-packages/airflow/example_dags/example_task_group.py
[2024-03-16T13:36:18.913+0000] {processor.py:840} INFO - DAG(s) 'example_task_group' retrieved from /home/airflow/.local/lib/python3.8/site-packages/airflow/example_dags/example_task_group.py
[2024-03-16T13:36:18.960+0000] {logging_mixin.py:188} INFO - [2024-03-16T13:36:18.960+0000] {dag.py:3047} INFO - Sync 1 DAGs
[2024-03-16T13:36:19.005+0000] {logging_mixin.py:188} INFO - [2024-03-16T13:36:19.004+0000] {dag.py:3834} INFO - Setting next_dagrun for example_task_group to 2024-03-15 00:00:00+00:00, run_after=2024-03-16 00:00:00+00:00
[2024-03-16T13:36:19.055+0000] {processor.py:183} INFO - Processing /home/airflow/.local/lib/python3.8/site-packages/airflow/example_dags/example_task_group.py took 0.175 seconds
[2024-03-16T13:36:49.942+0000] {processor.py:161} INFO - Started process (PID=181) to work on /home/airflow/.local/lib/python3.8/site-packages/airflow/example_dags/example_task_group.py
[2024-03-16T13:36:49.944+0000] {processor.py:830} INFO - Processing file /home/airflow/.local/lib/python3.8/site-packages/airflow/example_dags/example_task_group.py for tasks to queue
[2024-03-16T13:36:49.958+0000] {logging_mixin.py:188} INFO - [2024-03-16T13:36:49.958+0000] {dagbag.py:540} INFO - Filling up the DagBag from /home/airflow/.local/lib/python3.8/site-packages/airflow/example_dags/example_task_group.py
[2024-03-16T13:36:49.986+0000] {processor.py:840} INFO - DAG(s) 'example_task_group' retrieved from /home/airflow/.local/lib/python3.8/site-packages/airflow/example_dags/example_task_group.py
[2024-03-16T13:36:50.100+0000] {logging_mixin.py:188} INFO - [2024-03-16T13:36:50.099+0000] {dag.py:3047} INFO - Sync 1 DAGs
[2024-03-16T13:36:50.242+0000] {logging_mixin.py:188} INFO - [2024-03-16T13:36:50.240+0000] {dag.py:3834} INFO - Setting next_dagrun for example_task_group to 2024-03-15 00:00:00+00:00, run_after=2024-03-16 00:00:00+00:00
[2024-03-16T13:36:50.320+0000] {processor.py:183} INFO - Processing /home/airflow/.local/lib/python3.8/site-packages/airflow/example_dags/example_task_group.py took 0.386 seconds
[2024-03-16T13:37:20.588+0000] {processor.py:161} INFO - Started process (PID=237) to work on /home/airflow/.local/lib/python3.8/site-packages/airflow/example_dags/example_task_group.py
[2024-03-16T13:37:20.593+0000] {processor.py:830} INFO - Processing file /home/airflow/.local/lib/python3.8/site-packages/airflow/example_dags/example_task_group.py for tasks to queue
[2024-03-16T13:37:20.597+0000] {logging_mixin.py:188} INFO - [2024-03-16T13:37:20.597+0000] {dagbag.py:540} INFO - Filling up the DagBag from /home/airflow/.local/lib/python3.8/site-packages/airflow/example_dags/example_task_group.py
[2024-03-16T13:37:20.616+0000] {processor.py:840} INFO - DAG(s) 'example_task_group' retrieved from /home/airflow/.local/lib/python3.8/site-packages/airflow/example_dags/example_task_group.py
[2024-03-16T13:37:20.660+0000] {logging_mixin.py:188} INFO - [2024-03-16T13:37:20.659+0000] {dag.py:3047} INFO - Sync 1 DAGs
[2024-03-16T13:37:20.704+0000] {logging_mixin.py:188} INFO - [2024-03-16T13:37:20.703+0000] {dag.py:3834} INFO - Setting next_dagrun for example_task_group to 2024-03-15 00:00:00+00:00, run_after=2024-03-16 00:00:00+00:00
[2024-03-16T13:37:20.739+0000] {processor.py:183} INFO - Processing /home/airflow/.local/lib/python3.8/site-packages/airflow/example_dags/example_task_group.py took 0.157 seconds
[2024-03-16T13:40:27.011+0000] {processor.py:161} INFO - Started process (PID=304) to work on /home/airflow/.local/lib/python3.8/site-packages/airflow/example_dags/example_task_group.py
[2024-03-16T13:40:27.030+0000] {processor.py:830} INFO - Processing file /home/airflow/.local/lib/python3.8/site-packages/airflow/example_dags/example_task_group.py for tasks to queue
[2024-03-16T13:40:27.034+0000] {logging_mixin.py:188} INFO - [2024-03-16T13:40:27.033+0000] {dagbag.py:540} INFO - Filling up the DagBag from /home/airflow/.local/lib/python3.8/site-packages/airflow/example_dags/example_task_group.py
[2024-03-16T13:40:27.153+0000] {processor.py:840} INFO - DAG(s) 'example_task_group' retrieved from /home/airflow/.local/lib/python3.8/site-packages/airflow/example_dags/example_task_group.py
[2024-03-16T13:40:27.640+0000] {logging_mixin.py:188} INFO - [2024-03-16T13:40:27.628+0000] {dag.py:3047} INFO - Sync 1 DAGs
[2024-03-16T13:40:33.259+0000] {logging_mixin.py:188} INFO - [2024-03-16T13:40:32.678+0000] {dag.py:3834} INFO - Setting next_dagrun for example_task_group to 2024-03-15 00:00:00+00:00, run_after=2024-03-16 00:00:00+00:00
[2024-03-16T13:40:40.449+0000] {processor.py:183} INFO - Processing /home/airflow/.local/lib/python3.8/site-packages/airflow/example_dags/example_task_group.py took 13.986 seconds
