[2024-03-16T13:35:51.007+0000] {processor.py:161} INFO - Started process (PID=82) to work on /home/airflow/.local/lib/python3.8/site-packages/airflow/example_dags/example_bash_operator.py
[2024-03-16T13:35:51.011+0000] {processor.py:830} INFO - Processing file /home/airflow/.local/lib/python3.8/site-packages/airflow/example_dags/example_bash_operator.py for tasks to queue
[2024-03-16T13:35:51.016+0000] {logging_mixin.py:188} INFO - [2024-03-16T13:35:51.015+0000] {dagbag.py:540} INFO - Filling up the DagBag from /home/airflow/.local/lib/python3.8/site-packages/airflow/example_dags/example_bash_operator.py
[2024-03-16T13:35:51.045+0000] {processor.py:840} INFO - DAG(s) 'example_bash_operator' retrieved from /home/airflow/.local/lib/python3.8/site-packages/airflow/example_dags/example_bash_operator.py
[2024-03-16T13:35:51.326+0000] {logging_mixin.py:188} INFO - [2024-03-16T13:35:51.325+0000] {dag.py:3047} INFO - Sync 1 DAGs
[2024-03-16T13:35:51.378+0000] {logging_mixin.py:188} INFO - [2024-03-16T13:35:51.378+0000] {dag.py:3834} INFO - Setting next_dagrun for example_bash_operator to 2024-03-15 00:00:00+00:00, run_after=2024-03-16 00:00:00+00:00
[2024-03-16T13:35:51.419+0000] {processor.py:183} INFO - Processing /home/airflow/.local/lib/python3.8/site-packages/airflow/example_dags/example_bash_operator.py took 0.421 seconds
[2024-03-16T13:36:21.543+0000] {processor.py:161} INFO - Started process (PID=137) to work on /home/airflow/.local/lib/python3.8/site-packages/airflow/example_dags/example_bash_operator.py
[2024-03-16T13:36:21.547+0000] {processor.py:830} INFO - Processing file /home/airflow/.local/lib/python3.8/site-packages/airflow/example_dags/example_bash_operator.py for tasks to queue
[2024-03-16T13:36:21.558+0000] {logging_mixin.py:188} INFO - [2024-03-16T13:36:21.556+0000] {dagbag.py:540} INFO - Filling up the DagBag from /home/airflow/.local/lib/python3.8/site-packages/airflow/example_dags/example_bash_operator.py
[2024-03-16T13:36:21.600+0000] {processor.py:840} INFO - DAG(s) 'example_bash_operator' retrieved from /home/airflow/.local/lib/python3.8/site-packages/airflow/example_dags/example_bash_operator.py
[2024-03-16T13:36:21.698+0000] {logging_mixin.py:188} INFO - [2024-03-16T13:36:21.697+0000] {dag.py:3047} INFO - Sync 1 DAGs
[2024-03-16T13:36:21.763+0000] {logging_mixin.py:188} INFO - [2024-03-16T13:36:21.762+0000] {dag.py:3834} INFO - Setting next_dagrun for example_bash_operator to 2024-03-15 00:00:00+00:00, run_after=2024-03-16 00:00:00+00:00
[2024-03-16T13:36:21.801+0000] {processor.py:183} INFO - Processing /home/airflow/.local/lib/python3.8/site-packages/airflow/example_dags/example_bash_operator.py took 0.270 seconds
[2024-03-16T13:37:05.325+0000] {processor.py:161} INFO - Started process (PID=199) to work on /home/airflow/.local/lib/python3.8/site-packages/airflow/example_dags/example_bash_operator.py
[2024-03-16T13:37:05.327+0000] {processor.py:830} INFO - Processing file /home/airflow/.local/lib/python3.8/site-packages/airflow/example_dags/example_bash_operator.py for tasks to queue
[2024-03-16T13:37:05.332+0000] {logging_mixin.py:188} INFO - [2024-03-16T13:37:05.332+0000] {dagbag.py:540} INFO - Filling up the DagBag from /home/airflow/.local/lib/python3.8/site-packages/airflow/example_dags/example_bash_operator.py
[2024-03-16T13:37:05.355+0000] {processor.py:840} INFO - DAG(s) 'example_bash_operator' retrieved from /home/airflow/.local/lib/python3.8/site-packages/airflow/example_dags/example_bash_operator.py
[2024-03-16T13:37:05.419+0000] {logging_mixin.py:188} INFO - [2024-03-16T13:37:05.419+0000] {dag.py:3047} INFO - Sync 1 DAGs
[2024-03-16T13:37:05.461+0000] {logging_mixin.py:188} INFO - [2024-03-16T13:37:05.461+0000] {dag.py:3834} INFO - Setting next_dagrun for example_bash_operator to 2024-03-15 00:00:00+00:00, run_after=2024-03-16 00:00:00+00:00
[2024-03-16T13:37:05.501+0000] {processor.py:183} INFO - Processing /home/airflow/.local/lib/python3.8/site-packages/airflow/example_dags/example_bash_operator.py took 0.182 seconds
[2024-03-16T13:37:36.781+0000] {processor.py:161} INFO - Started process (PID=258) to work on /home/airflow/.local/lib/python3.8/site-packages/airflow/example_dags/example_bash_operator.py
[2024-03-16T13:37:36.787+0000] {processor.py:830} INFO - Processing file /home/airflow/.local/lib/python3.8/site-packages/airflow/example_dags/example_bash_operator.py for tasks to queue
[2024-03-16T13:37:36.794+0000] {logging_mixin.py:188} INFO - [2024-03-16T13:37:36.792+0000] {dagbag.py:540} INFO - Filling up the DagBag from /home/airflow/.local/lib/python3.8/site-packages/airflow/example_dags/example_bash_operator.py
[2024-03-16T13:37:36.827+0000] {processor.py:840} INFO - DAG(s) 'example_bash_operator' retrieved from /home/airflow/.local/lib/python3.8/site-packages/airflow/example_dags/example_bash_operator.py
[2024-03-16T13:37:36.917+0000] {logging_mixin.py:188} INFO - [2024-03-16T13:37:36.917+0000] {dag.py:3047} INFO - Sync 1 DAGs
[2024-03-16T13:37:37.031+0000] {logging_mixin.py:188} INFO - [2024-03-16T13:37:37.028+0000] {dag.py:3834} INFO - Setting next_dagrun for example_bash_operator to 2024-03-15 00:00:00+00:00, run_after=2024-03-16 00:00:00+00:00
[2024-03-16T13:37:37.099+0000] {processor.py:183} INFO - Processing /home/airflow/.local/lib/python3.8/site-packages/airflow/example_dags/example_bash_operator.py took 0.327 seconds
