[2024-03-16T13:35:51.165+0000] {processor.py:161} INFO - Started process (PID=83) to work on /home/airflow/.local/lib/python3.8/site-packages/airflow/example_dags/example_datasets.py
[2024-03-16T13:35:51.169+0000] {processor.py:830} INFO - Processing file /home/airflow/.local/lib/python3.8/site-packages/airflow/example_dags/example_datasets.py for tasks to queue
[2024-03-16T13:35:51.178+0000] {logging_mixin.py:188} INFO - [2024-03-16T13:35:51.176+0000] {dagbag.py:540} INFO - Filling up the DagBag from /home/airflow/.local/lib/python3.8/site-packages/airflow/example_dags/example_datasets.py
[2024-03-16T13:35:51.211+0000] {processor.py:840} INFO - DAG(s) 'dataset_produces_2', 'dataset_produces_1', 'dataset_consumes_1', 'dataset_consumes_unknown_never_scheduled', 'dataset_consumes_1_and_2', 'dataset_consumes_1_never_scheduled' retrieved from /home/airflow/.local/lib/python3.8/site-packages/airflow/example_dags/example_datasets.py
[2024-03-16T13:35:51.616+0000] {logging_mixin.py:188} INFO - [2024-03-16T13:35:51.616+0000] {dag.py:3047} INFO - Sync 6 DAGs
[2024-03-16T13:35:51.664+0000] {logging_mixin.py:188} INFO - [2024-03-16T13:35:51.663+0000] {dag.py:3834} INFO - Setting next_dagrun for dataset_consumes_1 to None, run_after=None
[2024-03-16T13:35:51.675+0000] {logging_mixin.py:188} INFO - [2024-03-16T13:35:51.674+0000] {dag.py:3834} INFO - Setting next_dagrun for dataset_consumes_1_and_2 to None, run_after=None
[2024-03-16T13:35:51.680+0000] {logging_mixin.py:188} INFO - [2024-03-16T13:35:51.679+0000] {dag.py:3834} INFO - Setting next_dagrun for dataset_consumes_1_never_scheduled to None, run_after=None
[2024-03-16T13:35:51.684+0000] {logging_mixin.py:188} INFO - [2024-03-16T13:35:51.684+0000] {dag.py:3834} INFO - Setting next_dagrun for dataset_consumes_unknown_never_scheduled to None, run_after=None
[2024-03-16T13:35:51.692+0000] {logging_mixin.py:188} INFO - [2024-03-16T13:35:51.692+0000] {dag.py:3834} INFO - Setting next_dagrun for dataset_produces_1 to 2024-03-15 00:00:00+00:00, run_after=2024-03-16 00:00:00+00:00
[2024-03-16T13:35:51.696+0000] {logging_mixin.py:188} INFO - [2024-03-16T13:35:51.695+0000] {dag.py:3834} INFO - Setting next_dagrun for dataset_produces_2 to None, run_after=None
[2024-03-16T13:35:51.796+0000] {processor.py:183} INFO - Processing /home/airflow/.local/lib/python3.8/site-packages/airflow/example_dags/example_datasets.py took 0.641 seconds
[2024-03-16T13:36:21.861+0000] {processor.py:161} INFO - Started process (PID=138) to work on /home/airflow/.local/lib/python3.8/site-packages/airflow/example_dags/example_datasets.py
[2024-03-16T13:36:21.864+0000] {processor.py:830} INFO - Processing file /home/airflow/.local/lib/python3.8/site-packages/airflow/example_dags/example_datasets.py for tasks to queue
[2024-03-16T13:36:21.868+0000] {logging_mixin.py:188} INFO - [2024-03-16T13:36:21.868+0000] {dagbag.py:540} INFO - Filling up the DagBag from /home/airflow/.local/lib/python3.8/site-packages/airflow/example_dags/example_datasets.py
[2024-03-16T13:36:21.890+0000] {processor.py:840} INFO - DAG(s) 'dataset_consumes_1_never_scheduled', 'dataset_consumes_1_and_2', 'dataset_produces_1', 'dataset_produces_2', 'dataset_consumes_unknown_never_scheduled', 'dataset_consumes_1' retrieved from /home/airflow/.local/lib/python3.8/site-packages/airflow/example_dags/example_datasets.py
[2024-03-16T13:36:21.976+0000] {logging_mixin.py:188} INFO - [2024-03-16T13:36:21.976+0000] {dag.py:3047} INFO - Sync 6 DAGs
[2024-03-16T13:36:22.034+0000] {logging_mixin.py:188} INFO - [2024-03-16T13:36:22.034+0000] {dag.py:3834} INFO - Setting next_dagrun for dataset_consumes_1 to None, run_after=None
[2024-03-16T13:36:22.042+0000] {logging_mixin.py:188} INFO - [2024-03-16T13:36:22.042+0000] {dag.py:3834} INFO - Setting next_dagrun for dataset_consumes_1_and_2 to None, run_after=None
[2024-03-16T13:36:22.046+0000] {logging_mixin.py:188} INFO - [2024-03-16T13:36:22.045+0000] {dag.py:3834} INFO - Setting next_dagrun for dataset_consumes_1_never_scheduled to None, run_after=None
[2024-03-16T13:36:22.051+0000] {logging_mixin.py:188} INFO - [2024-03-16T13:36:22.050+0000] {dag.py:3834} INFO - Setting next_dagrun for dataset_consumes_unknown_never_scheduled to None, run_after=None
[2024-03-16T13:36:22.059+0000] {logging_mixin.py:188} INFO - [2024-03-16T13:36:22.058+0000] {dag.py:3834} INFO - Setting next_dagrun for dataset_produces_1 to 2024-03-15 00:00:00+00:00, run_after=2024-03-16 00:00:00+00:00
[2024-03-16T13:36:22.062+0000] {logging_mixin.py:188} INFO - [2024-03-16T13:36:22.061+0000] {dag.py:3834} INFO - Setting next_dagrun for dataset_produces_2 to None, run_after=None
[2024-03-16T13:36:22.135+0000] {processor.py:183} INFO - Processing /home/airflow/.local/lib/python3.8/site-packages/airflow/example_dags/example_datasets.py took 0.280 seconds
[2024-03-16T13:37:06.838+0000] {processor.py:161} INFO - Started process (PID=211) to work on /home/airflow/.local/lib/python3.8/site-packages/airflow/example_dags/example_datasets.py
[2024-03-16T13:37:06.840+0000] {processor.py:830} INFO - Processing file /home/airflow/.local/lib/python3.8/site-packages/airflow/example_dags/example_datasets.py for tasks to queue
[2024-03-16T13:37:06.843+0000] {logging_mixin.py:188} INFO - [2024-03-16T13:37:06.843+0000] {dagbag.py:540} INFO - Filling up the DagBag from /home/airflow/.local/lib/python3.8/site-packages/airflow/example_dags/example_datasets.py
[2024-03-16T13:37:06.873+0000] {processor.py:840} INFO - DAG(s) 'dataset_produces_1', 'dataset_consumes_1_and_2', 'dataset_consumes_unknown_never_scheduled', 'dataset_consumes_1', 'dataset_produces_2', 'dataset_consumes_1_never_scheduled' retrieved from /home/airflow/.local/lib/python3.8/site-packages/airflow/example_dags/example_datasets.py
[2024-03-16T13:37:06.951+0000] {logging_mixin.py:188} INFO - [2024-03-16T13:37:06.951+0000] {dag.py:3047} INFO - Sync 6 DAGs
[2024-03-16T13:37:07.004+0000] {logging_mixin.py:188} INFO - [2024-03-16T13:37:07.003+0000] {dag.py:3834} INFO - Setting next_dagrun for dataset_consumes_1 to None, run_after=None
[2024-03-16T13:37:07.015+0000] {logging_mixin.py:188} INFO - [2024-03-16T13:37:07.014+0000] {dag.py:3834} INFO - Setting next_dagrun for dataset_consumes_1_and_2 to None, run_after=None
[2024-03-16T13:37:07.019+0000] {logging_mixin.py:188} INFO - [2024-03-16T13:37:07.018+0000] {dag.py:3834} INFO - Setting next_dagrun for dataset_consumes_1_never_scheduled to None, run_after=None
[2024-03-16T13:37:07.023+0000] {logging_mixin.py:188} INFO - [2024-03-16T13:37:07.022+0000] {dag.py:3834} INFO - Setting next_dagrun for dataset_consumes_unknown_never_scheduled to None, run_after=None
[2024-03-16T13:37:07.029+0000] {logging_mixin.py:188} INFO - [2024-03-16T13:37:07.029+0000] {dag.py:3834} INFO - Setting next_dagrun for dataset_produces_1 to 2024-03-15 00:00:00+00:00, run_after=2024-03-16 00:00:00+00:00
[2024-03-16T13:37:07.032+0000] {logging_mixin.py:188} INFO - [2024-03-16T13:37:07.032+0000] {dag.py:3834} INFO - Setting next_dagrun for dataset_produces_2 to None, run_after=None
[2024-03-16T13:37:07.131+0000] {processor.py:183} INFO - Processing /home/airflow/.local/lib/python3.8/site-packages/airflow/example_dags/example_datasets.py took 0.298 seconds
[2024-03-16T13:40:55.037+0000] {processor.py:161} INFO - Started process (PID=315) to work on /home/airflow/.local/lib/python3.8/site-packages/airflow/example_dags/example_datasets.py
[2024-03-16T13:40:55.042+0000] {processor.py:830} INFO - Processing file /home/airflow/.local/lib/python3.8/site-packages/airflow/example_dags/example_datasets.py for tasks to queue
[2024-03-16T13:40:55.051+0000] {logging_mixin.py:188} INFO - [2024-03-16T13:40:55.047+0000] {dagbag.py:540} INFO - Filling up the DagBag from /home/airflow/.local/lib/python3.8/site-packages/airflow/example_dags/example_datasets.py
[2024-03-16T13:40:55.195+0000] {processor.py:840} INFO - DAG(s) 'dataset_produces_2', 'dataset_consumes_unknown_never_scheduled', 'dataset_produces_1', 'dataset_consumes_1', 'dataset_consumes_1_never_scheduled', 'dataset_consumes_1_and_2' retrieved from /home/airflow/.local/lib/python3.8/site-packages/airflow/example_dags/example_datasets.py
[2024-03-16T13:41:00.881+0000] {logging_mixin.py:188} INFO - [2024-03-16T13:41:00.874+0000] {dag.py:3047} INFO - Sync 6 DAGs
[2024-03-16T13:41:05.545+0000] {logging_mixin.py:188} INFO - [2024-03-16T13:41:05.521+0000] {dag.py:3834} INFO - Setting next_dagrun for dataset_consumes_1 to None, run_after=None
[2024-03-16T13:41:05.577+0000] {logging_mixin.py:188} INFO - [2024-03-16T13:41:05.576+0000] {dag.py:3834} INFO - Setting next_dagrun for dataset_consumes_1_and_2 to None, run_after=None
[2024-03-16T13:41:05.583+0000] {logging_mixin.py:188} INFO - [2024-03-16T13:41:05.583+0000] {dag.py:3834} INFO - Setting next_dagrun for dataset_consumes_1_never_scheduled to None, run_after=None
[2024-03-16T13:41:05.598+0000] {logging_mixin.py:188} INFO - [2024-03-16T13:41:05.598+0000] {dag.py:3834} INFO - Setting next_dagrun for dataset_consumes_unknown_never_scheduled to None, run_after=None
[2024-03-16T13:41:05.635+0000] {logging_mixin.py:188} INFO - [2024-03-16T13:41:05.634+0000] {dag.py:3834} INFO - Setting next_dagrun for dataset_produces_1 to 2024-03-15 00:00:00+00:00, run_after=2024-03-16 00:00:00+00:00
[2024-03-16T13:41:05.661+0000] {logging_mixin.py:188} INFO - [2024-03-16T13:41:05.661+0000] {dag.py:3834} INFO - Setting next_dagrun for dataset_produces_2 to None, run_after=None
[2024-03-16T13:41:08.381+0000] {processor.py:183} INFO - Processing /home/airflow/.local/lib/python3.8/site-packages/airflow/example_dags/example_datasets.py took 12.911 seconds
