[2024-03-16T13:35:39.522+0000] {processor.py:161} INFO - Started process (PID=55) to work on /home/airflow/.local/lib/python3.8/site-packages/airflow/example_dags/example_python_operator.py
[2024-03-16T13:35:39.528+0000] {processor.py:830} INFO - Processing file /home/airflow/.local/lib/python3.8/site-packages/airflow/example_dags/example_python_operator.py for tasks to queue
[2024-03-16T13:35:39.539+0000] {logging_mixin.py:188} INFO - [2024-03-16T13:35:39.538+0000] {dagbag.py:540} INFO - Filling up the DagBag from /home/airflow/.local/lib/python3.8/site-packages/airflow/example_dags/example_python_operator.py
[2024-03-16T13:35:39.641+0000] {processor.py:840} INFO - DAG(s) 'example_python_operator' retrieved from /home/airflow/.local/lib/python3.8/site-packages/airflow/example_dags/example_python_operator.py
[2024-03-16T13:35:40.053+0000] {logging_mixin.py:188} INFO - [2024-03-16T13:35:40.051+0000] {dag.py:3047} INFO - Sync 1 DAGs
[2024-03-16T13:35:40.080+0000] {logging_mixin.py:188} INFO - [2024-03-16T13:35:40.080+0000] {dag.py:3834} INFO - Setting next_dagrun for example_python_operator to None, run_after=None
[2024-03-16T13:35:40.145+0000] {processor.py:183} INFO - Processing /home/airflow/.local/lib/python3.8/site-packages/airflow/example_dags/example_python_operator.py took 0.631 seconds
[2024-03-16T13:36:10.561+0000] {processor.py:161} INFO - Started process (PID=110) to work on /home/airflow/.local/lib/python3.8/site-packages/airflow/example_dags/example_python_operator.py
[2024-03-16T13:36:10.565+0000] {processor.py:830} INFO - Processing file /home/airflow/.local/lib/python3.8/site-packages/airflow/example_dags/example_python_operator.py for tasks to queue
[2024-03-16T13:36:10.571+0000] {logging_mixin.py:188} INFO - [2024-03-16T13:36:10.571+0000] {dagbag.py:540} INFO - Filling up the DagBag from /home/airflow/.local/lib/python3.8/site-packages/airflow/example_dags/example_python_operator.py
[2024-03-16T13:36:10.606+0000] {processor.py:840} INFO - DAG(s) 'example_python_operator' retrieved from /home/airflow/.local/lib/python3.8/site-packages/airflow/example_dags/example_python_operator.py
[2024-03-16T13:36:10.683+0000] {logging_mixin.py:188} INFO - [2024-03-16T13:36:10.683+0000] {dag.py:3047} INFO - Sync 1 DAGs
[2024-03-16T13:36:10.716+0000] {logging_mixin.py:188} INFO - [2024-03-16T13:36:10.716+0000] {dag.py:3834} INFO - Setting next_dagrun for example_python_operator to None, run_after=None
[2024-03-16T13:36:10.778+0000] {processor.py:183} INFO - Processing /home/airflow/.local/lib/python3.8/site-packages/airflow/example_dags/example_python_operator.py took 0.227 seconds
[2024-03-16T13:36:40.883+0000] {processor.py:161} INFO - Started process (PID=165) to work on /home/airflow/.local/lib/python3.8/site-packages/airflow/example_dags/example_python_operator.py
[2024-03-16T13:36:40.885+0000] {processor.py:830} INFO - Processing file /home/airflow/.local/lib/python3.8/site-packages/airflow/example_dags/example_python_operator.py for tasks to queue
[2024-03-16T13:36:40.888+0000] {logging_mixin.py:188} INFO - [2024-03-16T13:36:40.888+0000] {dagbag.py:540} INFO - Filling up the DagBag from /home/airflow/.local/lib/python3.8/site-packages/airflow/example_dags/example_python_operator.py
[2024-03-16T13:36:40.906+0000] {processor.py:840} INFO - DAG(s) 'example_python_operator' retrieved from /home/airflow/.local/lib/python3.8/site-packages/airflow/example_dags/example_python_operator.py
[2024-03-16T13:36:40.941+0000] {logging_mixin.py:188} INFO - [2024-03-16T13:36:40.941+0000] {dag.py:3047} INFO - Sync 1 DAGs
[2024-03-16T13:36:40.964+0000] {logging_mixin.py:188} INFO - [2024-03-16T13:36:40.963+0000] {dag.py:3834} INFO - Setting next_dagrun for example_python_operator to None, run_after=None
[2024-03-16T13:36:41.008+0000] {processor.py:183} INFO - Processing /home/airflow/.local/lib/python3.8/site-packages/airflow/example_dags/example_python_operator.py took 0.130 seconds
[2024-03-16T13:37:11.728+0000] {processor.py:161} INFO - Started process (PID=221) to work on /home/airflow/.local/lib/python3.8/site-packages/airflow/example_dags/example_python_operator.py
[2024-03-16T13:37:11.732+0000] {processor.py:830} INFO - Processing file /home/airflow/.local/lib/python3.8/site-packages/airflow/example_dags/example_python_operator.py for tasks to queue
[2024-03-16T13:37:11.736+0000] {logging_mixin.py:188} INFO - [2024-03-16T13:37:11.736+0000] {dagbag.py:540} INFO - Filling up the DagBag from /home/airflow/.local/lib/python3.8/site-packages/airflow/example_dags/example_python_operator.py
[2024-03-16T13:37:11.768+0000] {processor.py:840} INFO - DAG(s) 'example_python_operator' retrieved from /home/airflow/.local/lib/python3.8/site-packages/airflow/example_dags/example_python_operator.py
[2024-03-16T13:37:11.822+0000] {logging_mixin.py:188} INFO - [2024-03-16T13:37:11.822+0000] {dag.py:3047} INFO - Sync 1 DAGs
[2024-03-16T13:37:11.853+0000] {logging_mixin.py:188} INFO - [2024-03-16T13:37:11.852+0000] {dag.py:3834} INFO - Setting next_dagrun for example_python_operator to None, run_after=None
[2024-03-16T13:37:11.917+0000] {processor.py:183} INFO - Processing /home/airflow/.local/lib/python3.8/site-packages/airflow/example_dags/example_python_operator.py took 0.197 seconds
[2024-03-16T13:38:23.516+0000] {processor.py:161} INFO - Started process (PID=275) to work on /home/airflow/.local/lib/python3.8/site-packages/airflow/example_dags/example_python_operator.py
[2024-03-16T13:38:23.525+0000] {processor.py:830} INFO - Processing file /home/airflow/.local/lib/python3.8/site-packages/airflow/example_dags/example_python_operator.py for tasks to queue
[2024-03-16T13:38:23.542+0000] {logging_mixin.py:188} INFO - [2024-03-16T13:38:23.535+0000] {dagbag.py:540} INFO - Filling up the DagBag from /home/airflow/.local/lib/python3.8/site-packages/airflow/example_dags/example_python_operator.py
[2024-03-16T13:38:23.758+0000] {processor.py:840} INFO - DAG(s) 'example_python_operator' retrieved from /home/airflow/.local/lib/python3.8/site-packages/airflow/example_dags/example_python_operator.py
[2024-03-16T13:38:24.064+0000] {logging_mixin.py:188} INFO - [2024-03-16T13:38:24.061+0000] {dag.py:3047} INFO - Sync 1 DAGs
[2024-03-16T13:38:24.234+0000] {logging_mixin.py:188} INFO - [2024-03-16T13:38:24.228+0000] {dag.py:3834} INFO - Setting next_dagrun for example_python_operator to None, run_after=None
[2024-03-16T13:38:26.957+0000] {processor.py:183} INFO - Processing /home/airflow/.local/lib/python3.8/site-packages/airflow/example_dags/example_python_operator.py took 3.468 seconds
[2024-03-16T13:43:26.851+0000] {processor.py:161} INFO - Started process (PID=360) to work on /home/airflow/.local/lib/python3.8/site-packages/airflow/example_dags/example_python_operator.py
[2024-03-16T13:43:26.862+0000] {processor.py:830} INFO - Processing file /home/airflow/.local/lib/python3.8/site-packages/airflow/example_dags/example_python_operator.py for tasks to queue
[2024-03-16T13:43:26.872+0000] {logging_mixin.py:188} INFO - [2024-03-16T13:43:26.867+0000] {dagbag.py:540} INFO - Filling up the DagBag from /home/airflow/.local/lib/python3.8/site-packages/airflow/example_dags/example_python_operator.py
[2024-03-16T13:43:27.036+0000] {processor.py:840} INFO - DAG(s) 'example_python_operator' retrieved from /home/airflow/.local/lib/python3.8/site-packages/airflow/example_dags/example_python_operator.py
[2024-03-16T13:43:27.124+0000] {logging_mixin.py:188} INFO - [2024-03-16T13:43:27.123+0000] {dag.py:3047} INFO - Sync 1 DAGs
[2024-03-16T13:43:27.170+0000] {logging_mixin.py:188} INFO - [2024-03-16T13:43:27.170+0000] {dag.py:3834} INFO - Setting next_dagrun for example_python_operator to None, run_after=None
[2024-03-16T13:43:27.237+0000] {processor.py:183} INFO - Processing /home/airflow/.local/lib/python3.8/site-packages/airflow/example_dags/example_python_operator.py took 0.420 seconds
