[2024-03-16T13:35:49.849+0000] {processor.py:161} INFO - Started process (PID=77) to work on /home/airflow/.local/lib/python3.8/site-packages/airflow/example_dags/example_subdag_operator.py
[2024-03-16T13:35:49.854+0000] {processor.py:830} INFO - Processing file /home/airflow/.local/lib/python3.8/site-packages/airflow/example_dags/example_subdag_operator.py for tasks to queue
[2024-03-16T13:35:49.859+0000] {logging_mixin.py:188} INFO - [2024-03-16T13:35:49.858+0000] {dagbag.py:540} INFO - Filling up the DagBag from /home/airflow/.local/lib/python3.8/site-packages/airflow/example_dags/example_subdag_operator.py
[2024-03-16T13:35:49.914+0000] {processor.py:840} INFO - DAG(s) 'example_subdag_operator.section-1', 'example_subdag_operator.section-2', 'example_subdag_operator' retrieved from /home/airflow/.local/lib/python3.8/site-packages/airflow/example_dags/example_subdag_operator.py
[2024-03-16T13:35:50.096+0000] {logging_mixin.py:188} INFO - [2024-03-16T13:35:50.096+0000] {dag.py:3047} INFO - Sync 3 DAGs
[2024-03-16T13:35:50.132+0000] {logging_mixin.py:188} INFO - [2024-03-16T13:35:50.131+0000] {dag.py:3834} INFO - Setting next_dagrun for example_subdag_operator to 2022-01-01 00:00:00+00:00, run_after=2022-01-01 00:00:00+00:00
[2024-03-16T13:35:50.138+0000] {logging_mixin.py:188} INFO - [2024-03-16T13:35:50.138+0000] {dag.py:3834} INFO - Setting next_dagrun for example_subdag_operator.section-1 to None, run_after=None
[2024-03-16T13:35:50.142+0000] {logging_mixin.py:188} INFO - [2024-03-16T13:35:50.141+0000] {dag.py:3834} INFO - Setting next_dagrun for example_subdag_operator.section-2 to None, run_after=None
[2024-03-16T13:35:50.159+0000] {logging_mixin.py:188} INFO - [2024-03-16T13:35:50.159+0000] {dag.py:3047} INFO - Sync 2 DAGs
[2024-03-16T13:35:50.169+0000] {logging_mixin.py:188} INFO - [2024-03-16T13:35:50.169+0000] {dag.py:3834} INFO - Setting next_dagrun for example_subdag_operator.section-1 to None, run_after=None
[2024-03-16T13:35:50.170+0000] {logging_mixin.py:188} INFO - [2024-03-16T13:35:50.170+0000] {dag.py:3834} INFO - Setting next_dagrun for example_subdag_operator.section-2 to None, run_after=None
[2024-03-16T13:35:50.190+0000] {processor.py:183} INFO - Processing /home/airflow/.local/lib/python3.8/site-packages/airflow/example_dags/example_subdag_operator.py took 0.364 seconds
[2024-03-16T13:36:20.684+0000] {processor.py:161} INFO - Started process (PID=132) to work on /home/airflow/.local/lib/python3.8/site-packages/airflow/example_dags/example_subdag_operator.py
[2024-03-16T13:36:20.688+0000] {processor.py:830} INFO - Processing file /home/airflow/.local/lib/python3.8/site-packages/airflow/example_dags/example_subdag_operator.py for tasks to queue
[2024-03-16T13:36:20.695+0000] {logging_mixin.py:188} INFO - [2024-03-16T13:36:20.694+0000] {dagbag.py:540} INFO - Filling up the DagBag from /home/airflow/.local/lib/python3.8/site-packages/airflow/example_dags/example_subdag_operator.py
[2024-03-16T13:36:20.787+0000] {processor.py:840} INFO - DAG(s) 'example_subdag_operator.section-1', 'example_subdag_operator.section-2', 'example_subdag_operator' retrieved from /home/airflow/.local/lib/python3.8/site-packages/airflow/example_dags/example_subdag_operator.py
[2024-03-16T13:36:20.838+0000] {logging_mixin.py:188} INFO - [2024-03-16T13:36:20.837+0000] {dag.py:3047} INFO - Sync 3 DAGs
[2024-03-16T13:36:20.899+0000] {logging_mixin.py:188} INFO - [2024-03-16T13:36:20.898+0000] {dag.py:3834} INFO - Setting next_dagrun for example_subdag_operator to 2022-01-01 00:00:00+00:00, run_after=2022-01-01 00:00:00+00:00
[2024-03-16T13:36:20.907+0000] {logging_mixin.py:188} INFO - [2024-03-16T13:36:20.906+0000] {dag.py:3834} INFO - Setting next_dagrun for example_subdag_operator.section-1 to None, run_after=None
[2024-03-16T13:36:20.913+0000] {logging_mixin.py:188} INFO - [2024-03-16T13:36:20.913+0000] {dag.py:3834} INFO - Setting next_dagrun for example_subdag_operator.section-2 to None, run_after=None
[2024-03-16T13:36:20.948+0000] {logging_mixin.py:188} INFO - [2024-03-16T13:36:20.947+0000] {dag.py:3047} INFO - Sync 2 DAGs
[2024-03-16T13:36:20.971+0000] {logging_mixin.py:188} INFO - [2024-03-16T13:36:20.970+0000] {dag.py:3834} INFO - Setting next_dagrun for example_subdag_operator.section-1 to None, run_after=None
[2024-03-16T13:36:20.974+0000] {logging_mixin.py:188} INFO - [2024-03-16T13:36:20.973+0000] {dag.py:3834} INFO - Setting next_dagrun for example_subdag_operator.section-2 to None, run_after=None
[2024-03-16T13:36:21.015+0000] {processor.py:183} INFO - Processing /home/airflow/.local/lib/python3.8/site-packages/airflow/example_dags/example_subdag_operator.py took 0.346 seconds
[2024-03-16T13:37:03.037+0000] {processor.py:161} INFO - Started process (PID=194) to work on /home/airflow/.local/lib/python3.8/site-packages/airflow/example_dags/example_subdag_operator.py
[2024-03-16T13:37:03.090+0000] {processor.py:830} INFO - Processing file /home/airflow/.local/lib/python3.8/site-packages/airflow/example_dags/example_subdag_operator.py for tasks to queue
[2024-03-16T13:37:03.144+0000] {logging_mixin.py:188} INFO - [2024-03-16T13:37:03.127+0000] {dagbag.py:540} INFO - Filling up the DagBag from /home/airflow/.local/lib/python3.8/site-packages/airflow/example_dags/example_subdag_operator.py
[2024-03-16T13:37:03.781+0000] {processor.py:840} INFO - DAG(s) 'example_subdag_operator.section-1', 'example_subdag_operator.section-2', 'example_subdag_operator' retrieved from /home/airflow/.local/lib/python3.8/site-packages/airflow/example_dags/example_subdag_operator.py
[2024-03-16T13:37:03.925+0000] {logging_mixin.py:188} INFO - [2024-03-16T13:37:03.918+0000] {dag.py:3047} INFO - Sync 3 DAGs
[2024-03-16T13:37:04.300+0000] {logging_mixin.py:188} INFO - [2024-03-16T13:37:04.296+0000] {dag.py:3834} INFO - Setting next_dagrun for example_subdag_operator to 2022-01-01 00:00:00+00:00, run_after=2022-01-01 00:00:00+00:00
[2024-03-16T13:37:04.320+0000] {logging_mixin.py:188} INFO - [2024-03-16T13:37:04.319+0000] {dag.py:3834} INFO - Setting next_dagrun for example_subdag_operator.section-1 to None, run_after=None
[2024-03-16T13:37:04.329+0000] {logging_mixin.py:188} INFO - [2024-03-16T13:37:04.328+0000] {dag.py:3834} INFO - Setting next_dagrun for example_subdag_operator.section-2 to None, run_after=None
[2024-03-16T13:37:04.451+0000] {logging_mixin.py:188} INFO - [2024-03-16T13:37:04.444+0000] {dag.py:3047} INFO - Sync 2 DAGs
[2024-03-16T13:37:04.519+0000] {logging_mixin.py:188} INFO - [2024-03-16T13:37:04.512+0000] {dag.py:3834} INFO - Setting next_dagrun for example_subdag_operator.section-1 to None, run_after=None
[2024-03-16T13:37:04.524+0000] {logging_mixin.py:188} INFO - [2024-03-16T13:37:04.523+0000] {dag.py:3834} INFO - Setting next_dagrun for example_subdag_operator.section-2 to None, run_after=None
[2024-03-16T13:37:04.617+0000] {processor.py:183} INFO - Processing /home/airflow/.local/lib/python3.8/site-packages/airflow/example_dags/example_subdag_operator.py took 1.703 seconds
[2024-03-16T13:37:35.252+0000] {processor.py:161} INFO - Started process (PID=249) to work on /home/airflow/.local/lib/python3.8/site-packages/airflow/example_dags/example_subdag_operator.py
[2024-03-16T13:37:35.255+0000] {processor.py:830} INFO - Processing file /home/airflow/.local/lib/python3.8/site-packages/airflow/example_dags/example_subdag_operator.py for tasks to queue
[2024-03-16T13:37:35.271+0000] {logging_mixin.py:188} INFO - [2024-03-16T13:37:35.270+0000] {dagbag.py:540} INFO - Filling up the DagBag from /home/airflow/.local/lib/python3.8/site-packages/airflow/example_dags/example_subdag_operator.py
[2024-03-16T13:37:35.391+0000] {processor.py:840} INFO - DAG(s) 'example_subdag_operator.section-1', 'example_subdag_operator.section-2', 'example_subdag_operator' retrieved from /home/airflow/.local/lib/python3.8/site-packages/airflow/example_dags/example_subdag_operator.py
[2024-03-16T13:37:35.455+0000] {logging_mixin.py:188} INFO - [2024-03-16T13:37:35.454+0000] {dag.py:3047} INFO - Sync 3 DAGs
[2024-03-16T13:37:35.574+0000] {logging_mixin.py:188} INFO - [2024-03-16T13:37:35.573+0000] {dag.py:3834} INFO - Setting next_dagrun for example_subdag_operator to 2022-01-01 00:00:00+00:00, run_after=2022-01-01 00:00:00+00:00
[2024-03-16T13:37:35.586+0000] {logging_mixin.py:188} INFO - [2024-03-16T13:37:35.586+0000] {dag.py:3834} INFO - Setting next_dagrun for example_subdag_operator.section-1 to None, run_after=None
[2024-03-16T13:37:35.593+0000] {logging_mixin.py:188} INFO - [2024-03-16T13:37:35.592+0000] {dag.py:3834} INFO - Setting next_dagrun for example_subdag_operator.section-2 to None, run_after=None
[2024-03-16T13:37:35.632+0000] {logging_mixin.py:188} INFO - [2024-03-16T13:37:35.631+0000] {dag.py:3047} INFO - Sync 2 DAGs
[2024-03-16T13:37:35.654+0000] {logging_mixin.py:188} INFO - [2024-03-16T13:37:35.652+0000] {dag.py:3834} INFO - Setting next_dagrun for example_subdag_operator.section-1 to None, run_after=None
[2024-03-16T13:37:35.658+0000] {logging_mixin.py:188} INFO - [2024-03-16T13:37:35.657+0000] {dag.py:3834} INFO - Setting next_dagrun for example_subdag_operator.section-2 to None, run_after=None
[2024-03-16T13:37:35.719+0000] {processor.py:183} INFO - Processing /home/airflow/.local/lib/python3.8/site-packages/airflow/example_dags/example_subdag_operator.py took 0.480 seconds
