[2024-03-16T13:35:35.170+0000] {processor.py:161} INFO - Started process (PID=54) to work on /home/airflow/.local/lib/python3.8/site-packages/airflow/example_dags/example_complex.py
[2024-03-16T13:35:35.174+0000] {processor.py:830} INFO - Processing file /home/airflow/.local/lib/python3.8/site-packages/airflow/example_dags/example_complex.py for tasks to queue
[2024-03-16T13:35:35.180+0000] {logging_mixin.py:188} INFO - [2024-03-16T13:35:35.179+0000] {dagbag.py:540} INFO - Filling up the DagBag from /home/airflow/.local/lib/python3.8/site-packages/airflow/example_dags/example_complex.py
[2024-03-16T13:35:35.232+0000] {processor.py:840} INFO - DAG(s) 'example_complex' retrieved from /home/airflow/.local/lib/python3.8/site-packages/airflow/example_dags/example_complex.py
[2024-03-16T13:35:36.848+0000] {logging_mixin.py:188} INFO - [2024-03-16T13:35:36.816+0000] {dag.py:3047} INFO - Sync 1 DAGs
[2024-03-16T13:35:39.284+0000] {logging_mixin.py:188} INFO - [2024-03-16T13:35:39.284+0000] {dag.py:3834} INFO - Setting next_dagrun for example_complex to None, run_after=None
[2024-03-16T13:35:39.431+0000] {processor.py:183} INFO - Processing /home/airflow/.local/lib/python3.8/site-packages/airflow/example_dags/example_complex.py took 4.270 seconds
[2024-03-16T13:36:10.086+0000] {processor.py:161} INFO - Started process (PID=109) to work on /home/airflow/.local/lib/python3.8/site-packages/airflow/example_dags/example_complex.py
[2024-03-16T13:36:10.090+0000] {processor.py:830} INFO - Processing file /home/airflow/.local/lib/python3.8/site-packages/airflow/example_dags/example_complex.py for tasks to queue
[2024-03-16T13:36:10.099+0000] {logging_mixin.py:188} INFO - [2024-03-16T13:36:10.099+0000] {dagbag.py:540} INFO - Filling up the DagBag from /home/airflow/.local/lib/python3.8/site-packages/airflow/example_dags/example_complex.py
[2024-03-16T13:36:10.138+0000] {processor.py:840} INFO - DAG(s) 'example_complex' retrieved from /home/airflow/.local/lib/python3.8/site-packages/airflow/example_dags/example_complex.py
[2024-03-16T13:36:10.254+0000] {logging_mixin.py:188} INFO - [2024-03-16T13:36:10.253+0000] {dag.py:3047} INFO - Sync 1 DAGs
[2024-03-16T13:36:10.293+0000] {logging_mixin.py:188} INFO - [2024-03-16T13:36:10.293+0000] {dag.py:3834} INFO - Setting next_dagrun for example_complex to None, run_after=None
[2024-03-16T13:36:10.461+0000] {processor.py:183} INFO - Processing /home/airflow/.local/lib/python3.8/site-packages/airflow/example_dags/example_complex.py took 0.390 seconds
[2024-03-16T13:36:40.701+0000] {processor.py:161} INFO - Started process (PID=164) to work on /home/airflow/.local/lib/python3.8/site-packages/airflow/example_dags/example_complex.py
[2024-03-16T13:36:40.702+0000] {processor.py:830} INFO - Processing file /home/airflow/.local/lib/python3.8/site-packages/airflow/example_dags/example_complex.py for tasks to queue
[2024-03-16T13:36:40.707+0000] {logging_mixin.py:188} INFO - [2024-03-16T13:36:40.707+0000] {dagbag.py:540} INFO - Filling up the DagBag from /home/airflow/.local/lib/python3.8/site-packages/airflow/example_dags/example_complex.py
[2024-03-16T13:36:40.729+0000] {processor.py:840} INFO - DAG(s) 'example_complex' retrieved from /home/airflow/.local/lib/python3.8/site-packages/airflow/example_dags/example_complex.py
[2024-03-16T13:36:40.788+0000] {logging_mixin.py:188} INFO - [2024-03-16T13:36:40.788+0000] {dag.py:3047} INFO - Sync 1 DAGs
[2024-03-16T13:36:40.811+0000] {logging_mixin.py:188} INFO - [2024-03-16T13:36:40.810+0000] {dag.py:3834} INFO - Setting next_dagrun for example_complex to None, run_after=None
[2024-03-16T13:36:40.845+0000] {processor.py:183} INFO - Processing /home/airflow/.local/lib/python3.8/site-packages/airflow/example_dags/example_complex.py took 0.150 seconds
[2024-03-16T13:37:11.445+0000] {processor.py:161} INFO - Started process (PID=220) to work on /home/airflow/.local/lib/python3.8/site-packages/airflow/example_dags/example_complex.py
[2024-03-16T13:37:11.450+0000] {processor.py:830} INFO - Processing file /home/airflow/.local/lib/python3.8/site-packages/airflow/example_dags/example_complex.py for tasks to queue
[2024-03-16T13:37:11.457+0000] {logging_mixin.py:188} INFO - [2024-03-16T13:37:11.457+0000] {dagbag.py:540} INFO - Filling up the DagBag from /home/airflow/.local/lib/python3.8/site-packages/airflow/example_dags/example_complex.py
[2024-03-16T13:37:11.489+0000] {processor.py:840} INFO - DAG(s) 'example_complex' retrieved from /home/airflow/.local/lib/python3.8/site-packages/airflow/example_dags/example_complex.py
[2024-03-16T13:37:11.582+0000] {logging_mixin.py:188} INFO - [2024-03-16T13:37:11.582+0000] {dag.py:3047} INFO - Sync 1 DAGs
[2024-03-16T13:37:11.618+0000] {logging_mixin.py:188} INFO - [2024-03-16T13:37:11.617+0000] {dag.py:3834} INFO - Setting next_dagrun for example_complex to None, run_after=None
[2024-03-16T13:37:11.674+0000] {processor.py:183} INFO - Processing /home/airflow/.local/lib/python3.8/site-packages/airflow/example_dags/example_complex.py took 0.239 seconds
[2024-03-16T13:38:22.158+0000] {processor.py:161} INFO - Started process (PID=274) to work on /home/airflow/.local/lib/python3.8/site-packages/airflow/example_dags/example_complex.py
[2024-03-16T13:38:22.163+0000] {processor.py:830} INFO - Processing file /home/airflow/.local/lib/python3.8/site-packages/airflow/example_dags/example_complex.py for tasks to queue
[2024-03-16T13:38:22.243+0000] {logging_mixin.py:188} INFO - [2024-03-16T13:38:22.204+0000] {dagbag.py:540} INFO - Filling up the DagBag from /home/airflow/.local/lib/python3.8/site-packages/airflow/example_dags/example_complex.py
[2024-03-16T13:38:22.613+0000] {processor.py:840} INFO - DAG(s) 'example_complex' retrieved from /home/airflow/.local/lib/python3.8/site-packages/airflow/example_dags/example_complex.py
[2024-03-16T13:38:23.458+0000] {logging_mixin.py:188} INFO - [2024-03-16T13:38:23.452+0000] {dag.py:3047} INFO - Sync 1 DAGs
[2024-03-16T13:38:23.532+0000] {logging_mixin.py:188} INFO - [2024-03-16T13:38:23.531+0000] {dag.py:3834} INFO - Setting next_dagrun for example_complex to None, run_after=None
[2024-03-16T13:38:23.747+0000] {processor.py:183} INFO - Processing /home/airflow/.local/lib/python3.8/site-packages/airflow/example_dags/example_complex.py took 2.853 seconds
[2024-03-16T13:43:26.256+0000] {processor.py:161} INFO - Started process (PID=359) to work on /home/airflow/.local/lib/python3.8/site-packages/airflow/example_dags/example_complex.py
[2024-03-16T13:43:26.268+0000] {processor.py:830} INFO - Processing file /home/airflow/.local/lib/python3.8/site-packages/airflow/example_dags/example_complex.py for tasks to queue
[2024-03-16T13:43:26.279+0000] {logging_mixin.py:188} INFO - [2024-03-16T13:43:26.275+0000] {dagbag.py:540} INFO - Filling up the DagBag from /home/airflow/.local/lib/python3.8/site-packages/airflow/example_dags/example_complex.py
[2024-03-16T13:43:26.389+0000] {processor.py:840} INFO - DAG(s) 'example_complex' retrieved from /home/airflow/.local/lib/python3.8/site-packages/airflow/example_dags/example_complex.py
[2024-03-16T13:43:26.531+0000] {logging_mixin.py:188} INFO - [2024-03-16T13:43:26.530+0000] {dag.py:3047} INFO - Sync 1 DAGs
[2024-03-16T13:43:26.590+0000] {logging_mixin.py:188} INFO - [2024-03-16T13:43:26.589+0000] {dag.py:3834} INFO - Setting next_dagrun for example_complex to None, run_after=None
[2024-03-16T13:43:26.714+0000] {processor.py:183} INFO - Processing /home/airflow/.local/lib/python3.8/site-packages/airflow/example_dags/example_complex.py took 0.515 seconds
