[2024-03-16T13:35:49.356+0000] {processor.py:161} INFO - Started process (PID=75) to work on /home/airflow/.local/lib/python3.8/site-packages/airflow/example_dags/example_sla_dag.py
[2024-03-16T13:35:49.359+0000] {processor.py:830} INFO - Processing file /home/airflow/.local/lib/python3.8/site-packages/airflow/example_dags/example_sla_dag.py for tasks to queue
[2024-03-16T13:35:49.365+0000] {logging_mixin.py:188} INFO - [2024-03-16T13:35:49.364+0000] {dagbag.py:540} INFO - Filling up the DagBag from /home/airflow/.local/lib/python3.8/site-packages/airflow/example_dags/example_sla_dag.py
[2024-03-16T13:35:49.396+0000] {processor.py:840} INFO - DAG(s) 'example_sla_dag' retrieved from /home/airflow/.local/lib/python3.8/site-packages/airflow/example_dags/example_sla_dag.py
[2024-03-16T13:35:49.700+0000] {logging_mixin.py:188} INFO - [2024-03-16T13:35:49.699+0000] {dag.py:3047} INFO - Sync 1 DAGs
[2024-03-16T13:35:49.748+0000] {logging_mixin.py:188} INFO - [2024-03-16T13:35:49.747+0000] {dag.py:3834} INFO - Setting next_dagrun for example_sla_dag to 2024-03-16 13:32:00+00:00, run_after=2024-03-16 13:34:00+00:00
[2024-03-16T13:35:49.781+0000] {processor.py:183} INFO - Processing /home/airflow/.local/lib/python3.8/site-packages/airflow/example_dags/example_sla_dag.py took 0.435 seconds
[2024-03-16T13:36:20.341+0000] {processor.py:161} INFO - Started process (PID=130) to work on /home/airflow/.local/lib/python3.8/site-packages/airflow/example_dags/example_sla_dag.py
[2024-03-16T13:36:20.366+0000] {processor.py:830} INFO - Processing file /home/airflow/.local/lib/python3.8/site-packages/airflow/example_dags/example_sla_dag.py for tasks to queue
[2024-03-16T13:36:20.379+0000] {logging_mixin.py:188} INFO - [2024-03-16T13:36:20.379+0000] {dagbag.py:540} INFO - Filling up the DagBag from /home/airflow/.local/lib/python3.8/site-packages/airflow/example_dags/example_sla_dag.py
[2024-03-16T13:36:20.408+0000] {processor.py:840} INFO - DAG(s) 'example_sla_dag' retrieved from /home/airflow/.local/lib/python3.8/site-packages/airflow/example_dags/example_sla_dag.py
[2024-03-16T13:36:20.451+0000] {logging_mixin.py:188} INFO - [2024-03-16T13:36:20.451+0000] {dag.py:3047} INFO - Sync 1 DAGs
[2024-03-16T13:36:20.533+0000] {logging_mixin.py:188} INFO - [2024-03-16T13:36:20.531+0000] {dag.py:3834} INFO - Setting next_dagrun for example_sla_dag to 2024-03-16 13:34:00+00:00, run_after=2024-03-16 13:36:00+00:00
[2024-03-16T13:36:20.595+0000] {processor.py:183} INFO - Processing /home/airflow/.local/lib/python3.8/site-packages/airflow/example_dags/example_sla_dag.py took 0.260 seconds
[2024-03-16T13:36:51.062+0000] {processor.py:161} INFO - Started process (PID=185) to work on /home/airflow/.local/lib/python3.8/site-packages/airflow/example_dags/example_sla_dag.py
[2024-03-16T13:36:51.066+0000] {processor.py:830} INFO - Processing file /home/airflow/.local/lib/python3.8/site-packages/airflow/example_dags/example_sla_dag.py for tasks to queue
[2024-03-16T13:36:51.088+0000] {logging_mixin.py:188} INFO - [2024-03-16T13:36:51.074+0000] {dagbag.py:540} INFO - Filling up the DagBag from /home/airflow/.local/lib/python3.8/site-packages/airflow/example_dags/example_sla_dag.py
[2024-03-16T13:36:51.145+0000] {processor.py:840} INFO - DAG(s) 'example_sla_dag' retrieved from /home/airflow/.local/lib/python3.8/site-packages/airflow/example_dags/example_sla_dag.py
[2024-03-16T13:36:51.513+0000] {logging_mixin.py:188} INFO - [2024-03-16T13:36:51.473+0000] {dag.py:3047} INFO - Sync 1 DAGs
[2024-03-16T13:36:52.088+0000] {logging_mixin.py:188} INFO - [2024-03-16T13:36:52.015+0000] {dag.py:3834} INFO - Setting next_dagrun for example_sla_dag to 2024-03-16 13:34:00+00:00, run_after=2024-03-16 13:36:00+00:00
[2024-03-16T13:37:02.783+0000] {processor.py:183} INFO - Processing /home/airflow/.local/lib/python3.8/site-packages/airflow/example_dags/example_sla_dag.py took 11.737 seconds
[2024-03-16T13:37:33.098+0000] {processor.py:161} INFO - Started process (PID=241) to work on /home/airflow/.local/lib/python3.8/site-packages/airflow/example_dags/example_sla_dag.py
[2024-03-16T13:37:33.103+0000] {processor.py:830} INFO - Processing file /home/airflow/.local/lib/python3.8/site-packages/airflow/example_dags/example_sla_dag.py for tasks to queue
[2024-03-16T13:37:33.118+0000] {logging_mixin.py:188} INFO - [2024-03-16T13:37:33.117+0000] {dagbag.py:540} INFO - Filling up the DagBag from /home/airflow/.local/lib/python3.8/site-packages/airflow/example_dags/example_sla_dag.py
[2024-03-16T13:37:33.291+0000] {processor.py:840} INFO - DAG(s) 'example_sla_dag' retrieved from /home/airflow/.local/lib/python3.8/site-packages/airflow/example_dags/example_sla_dag.py
[2024-03-16T13:37:33.401+0000] {logging_mixin.py:188} INFO - [2024-03-16T13:37:33.400+0000] {dag.py:3047} INFO - Sync 1 DAGs
[2024-03-16T13:37:33.568+0000] {logging_mixin.py:188} INFO - [2024-03-16T13:37:33.568+0000] {dag.py:3834} INFO - Setting next_dagrun for example_sla_dag to 2024-03-16 13:34:00+00:00, run_after=2024-03-16 13:36:00+00:00
[2024-03-16T13:37:33.823+0000] {processor.py:183} INFO - Processing /home/airflow/.local/lib/python3.8/site-packages/airflow/example_dags/example_sla_dag.py took 0.744 seconds
