[2024-03-16T13:35:49.438+0000] {processor.py:161} INFO - Started process (PID=76) to work on /home/airflow/.local/lib/python3.8/site-packages/airflow/example_dags/example_kubernetes_executor.py
[2024-03-16T13:35:49.442+0000] {processor.py:830} INFO - Processing file /home/airflow/.local/lib/python3.8/site-packages/airflow/example_dags/example_kubernetes_executor.py for tasks to queue
[2024-03-16T13:35:49.446+0000] {logging_mixin.py:188} INFO - [2024-03-16T13:35:49.445+0000] {dagbag.py:540} INFO - Filling up the DagBag from /home/airflow/.local/lib/python3.8/site-packages/airflow/example_dags/example_kubernetes_executor.py
[2024-03-16T13:35:49.642+0000] {processor.py:840} INFO - DAG(s) 'example_kubernetes_executor' retrieved from /home/airflow/.local/lib/python3.8/site-packages/airflow/example_dags/example_kubernetes_executor.py
[2024-03-16T13:35:49.933+0000] {logging_mixin.py:188} INFO - [2024-03-16T13:35:49.933+0000] {dag.py:3047} INFO - Sync 1 DAGs
[2024-03-16T13:35:49.951+0000] {logging_mixin.py:188} INFO - [2024-03-16T13:35:49.951+0000] {dag.py:3834} INFO - Setting next_dagrun for example_kubernetes_executor to None, run_after=None
[2024-03-16T13:35:49.987+0000] {processor.py:183} INFO - Processing /home/airflow/.local/lib/python3.8/site-packages/airflow/example_dags/example_kubernetes_executor.py took 0.577 seconds
[2024-03-16T13:36:20.378+0000] {processor.py:161} INFO - Started process (PID=131) to work on /home/airflow/.local/lib/python3.8/site-packages/airflow/example_dags/example_kubernetes_executor.py
[2024-03-16T13:36:20.381+0000] {processor.py:830} INFO - Processing file /home/airflow/.local/lib/python3.8/site-packages/airflow/example_dags/example_kubernetes_executor.py for tasks to queue
[2024-03-16T13:36:20.391+0000] {logging_mixin.py:188} INFO - [2024-03-16T13:36:20.389+0000] {dagbag.py:540} INFO - Filling up the DagBag from /home/airflow/.local/lib/python3.8/site-packages/airflow/example_dags/example_kubernetes_executor.py
[2024-03-16T13:36:20.433+0000] {processor.py:840} INFO - DAG(s) 'example_kubernetes_executor' retrieved from /home/airflow/.local/lib/python3.8/site-packages/airflow/example_dags/example_kubernetes_executor.py
[2024-03-16T13:36:20.557+0000] {logging_mixin.py:188} INFO - [2024-03-16T13:36:20.557+0000] {dag.py:3047} INFO - Sync 1 DAGs
[2024-03-16T13:36:20.598+0000] {logging_mixin.py:188} INFO - [2024-03-16T13:36:20.597+0000] {dag.py:3834} INFO - Setting next_dagrun for example_kubernetes_executor to None, run_after=None
[2024-03-16T13:36:20.676+0000] {processor.py:183} INFO - Processing /home/airflow/.local/lib/python3.8/site-packages/airflow/example_dags/example_kubernetes_executor.py took 0.309 seconds
[2024-03-16T13:36:51.105+0000] {processor.py:161} INFO - Started process (PID=186) to work on /home/airflow/.local/lib/python3.8/site-packages/airflow/example_dags/example_kubernetes_executor.py
[2024-03-16T13:36:51.108+0000] {processor.py:830} INFO - Processing file /home/airflow/.local/lib/python3.8/site-packages/airflow/example_dags/example_kubernetes_executor.py for tasks to queue
[2024-03-16T13:36:51.117+0000] {logging_mixin.py:188} INFO - [2024-03-16T13:36:51.115+0000] {dagbag.py:540} INFO - Filling up the DagBag from /home/airflow/.local/lib/python3.8/site-packages/airflow/example_dags/example_kubernetes_executor.py
[2024-03-16T13:36:51.212+0000] {processor.py:840} INFO - DAG(s) 'example_kubernetes_executor' retrieved from /home/airflow/.local/lib/python3.8/site-packages/airflow/example_dags/example_kubernetes_executor.py
[2024-03-16T13:37:02.667+0000] {logging_mixin.py:188} INFO - [2024-03-16T13:37:02.654+0000] {dag.py:3047} INFO - Sync 1 DAGs
[2024-03-16T13:37:03.009+0000] {logging_mixin.py:188} INFO - [2024-03-16T13:37:03.007+0000] {dag.py:3834} INFO - Setting next_dagrun for example_kubernetes_executor to None, run_after=None
[2024-03-16T13:37:03.586+0000] {processor.py:183} INFO - Processing /home/airflow/.local/lib/python3.8/site-packages/airflow/example_dags/example_kubernetes_executor.py took 12.496 seconds
[2024-03-16T13:37:33.887+0000] {processor.py:161} INFO - Started process (PID=248) to work on /home/airflow/.local/lib/python3.8/site-packages/airflow/example_dags/example_kubernetes_executor.py
[2024-03-16T13:37:33.893+0000] {processor.py:830} INFO - Processing file /home/airflow/.local/lib/python3.8/site-packages/airflow/example_dags/example_kubernetes_executor.py for tasks to queue
[2024-03-16T13:37:33.906+0000] {logging_mixin.py:188} INFO - [2024-03-16T13:37:33.903+0000] {dagbag.py:540} INFO - Filling up the DagBag from /home/airflow/.local/lib/python3.8/site-packages/airflow/example_dags/example_kubernetes_executor.py
[2024-03-16T13:37:34.002+0000] {processor.py:840} INFO - DAG(s) 'example_kubernetes_executor' retrieved from /home/airflow/.local/lib/python3.8/site-packages/airflow/example_dags/example_kubernetes_executor.py
[2024-03-16T13:37:34.167+0000] {logging_mixin.py:188} INFO - [2024-03-16T13:37:34.166+0000] {dag.py:3047} INFO - Sync 1 DAGs
[2024-03-16T13:37:34.207+0000] {logging_mixin.py:188} INFO - [2024-03-16T13:37:34.206+0000] {dag.py:3834} INFO - Setting next_dagrun for example_kubernetes_executor to None, run_after=None
[2024-03-16T13:37:34.293+0000] {processor.py:183} INFO - Processing /home/airflow/.local/lib/python3.8/site-packages/airflow/example_dags/example_kubernetes_executor.py took 0.416 seconds
