[2024-03-16T13:35:30.405+0000] {processor.py:161} INFO - Started process (PID=45) to work on /home/airflow/.local/lib/python3.8/site-packages/airflow/example_dags/tutorial.py
[2024-03-16T13:35:30.406+0000] {processor.py:830} INFO - Processing file /home/airflow/.local/lib/python3.8/site-packages/airflow/example_dags/tutorial.py for tasks to queue
[2024-03-16T13:35:30.413+0000] {logging_mixin.py:188} INFO - [2024-03-16T13:35:30.412+0000] {dagbag.py:540} INFO - Filling up the DagBag from /home/airflow/.local/lib/python3.8/site-packages/airflow/example_dags/tutorial.py
[2024-03-16T13:35:30.441+0000] {processor.py:840} INFO - DAG(s) 'tutorial' retrieved from /home/airflow/.local/lib/python3.8/site-packages/airflow/example_dags/tutorial.py
[2024-03-16T13:35:30.822+0000] {logging_mixin.py:188} INFO - [2024-03-16T13:35:30.822+0000] {dag.py:3047} INFO - Sync 1 DAGs
[2024-03-16T13:35:30.884+0000] {logging_mixin.py:188} INFO - [2024-03-16T13:35:30.884+0000] {dag.py:3834} INFO - Setting next_dagrun for tutorial to 2024-03-15 00:00:00+00:00, run_after=2024-03-16 00:00:00+00:00
[2024-03-16T13:35:30.941+0000] {processor.py:183} INFO - Processing /home/airflow/.local/lib/python3.8/site-packages/airflow/example_dags/tutorial.py took 0.545 seconds
[2024-03-16T13:36:01.411+0000] {processor.py:161} INFO - Started process (PID=100) to work on /home/airflow/.local/lib/python3.8/site-packages/airflow/example_dags/tutorial.py
[2024-03-16T13:36:01.413+0000] {processor.py:830} INFO - Processing file /home/airflow/.local/lib/python3.8/site-packages/airflow/example_dags/tutorial.py for tasks to queue
[2024-03-16T13:36:01.417+0000] {logging_mixin.py:188} INFO - [2024-03-16T13:36:01.417+0000] {dagbag.py:540} INFO - Filling up the DagBag from /home/airflow/.local/lib/python3.8/site-packages/airflow/example_dags/tutorial.py
[2024-03-16T13:36:01.427+0000] {processor.py:840} INFO - DAG(s) 'tutorial' retrieved from /home/airflow/.local/lib/python3.8/site-packages/airflow/example_dags/tutorial.py
[2024-03-16T13:36:01.457+0000] {logging_mixin.py:188} INFO - [2024-03-16T13:36:01.456+0000] {dag.py:3047} INFO - Sync 1 DAGs
[2024-03-16T13:36:01.492+0000] {logging_mixin.py:188} INFO - [2024-03-16T13:36:01.492+0000] {dag.py:3834} INFO - Setting next_dagrun for tutorial to 2024-03-15 00:00:00+00:00, run_after=2024-03-16 00:00:00+00:00
[2024-03-16T13:36:01.525+0000] {processor.py:183} INFO - Processing /home/airflow/.local/lib/python3.8/site-packages/airflow/example_dags/tutorial.py took 0.119 seconds
[2024-03-16T13:36:31.758+0000] {processor.py:161} INFO - Started process (PID=155) to work on /home/airflow/.local/lib/python3.8/site-packages/airflow/example_dags/tutorial.py
[2024-03-16T13:36:31.760+0000] {processor.py:830} INFO - Processing file /home/airflow/.local/lib/python3.8/site-packages/airflow/example_dags/tutorial.py for tasks to queue
[2024-03-16T13:36:31.764+0000] {logging_mixin.py:188} INFO - [2024-03-16T13:36:31.763+0000] {dagbag.py:540} INFO - Filling up the DagBag from /home/airflow/.local/lib/python3.8/site-packages/airflow/example_dags/tutorial.py
[2024-03-16T13:36:31.774+0000] {processor.py:840} INFO - DAG(s) 'tutorial' retrieved from /home/airflow/.local/lib/python3.8/site-packages/airflow/example_dags/tutorial.py
[2024-03-16T13:36:31.804+0000] {logging_mixin.py:188} INFO - [2024-03-16T13:36:31.804+0000] {dag.py:3047} INFO - Sync 1 DAGs
[2024-03-16T13:36:31.839+0000] {logging_mixin.py:188} INFO - [2024-03-16T13:36:31.838+0000] {dag.py:3834} INFO - Setting next_dagrun for tutorial to 2024-03-15 00:00:00+00:00, run_after=2024-03-16 00:00:00+00:00
[2024-03-16T13:36:31.866+0000] {processor.py:183} INFO - Processing /home/airflow/.local/lib/python3.8/site-packages/airflow/example_dags/tutorial.py took 0.113 seconds
[2024-03-16T13:37:05.997+0000] {processor.py:161} INFO - Started process (PID=204) to work on /home/airflow/.local/lib/python3.8/site-packages/airflow/example_dags/tutorial.py
[2024-03-16T13:37:05.999+0000] {processor.py:830} INFO - Processing file /home/airflow/.local/lib/python3.8/site-packages/airflow/example_dags/tutorial.py for tasks to queue
[2024-03-16T13:37:06.007+0000] {logging_mixin.py:188} INFO - [2024-03-16T13:37:06.006+0000] {dagbag.py:540} INFO - Filling up the DagBag from /home/airflow/.local/lib/python3.8/site-packages/airflow/example_dags/tutorial.py
[2024-03-16T13:37:06.025+0000] {processor.py:840} INFO - DAG(s) 'tutorial' retrieved from /home/airflow/.local/lib/python3.8/site-packages/airflow/example_dags/tutorial.py
[2024-03-16T13:37:06.064+0000] {logging_mixin.py:188} INFO - [2024-03-16T13:37:06.063+0000] {dag.py:3047} INFO - Sync 1 DAGs
[2024-03-16T13:37:06.108+0000] {logging_mixin.py:188} INFO - [2024-03-16T13:37:06.107+0000] {dag.py:3834} INFO - Setting next_dagrun for tutorial to 2024-03-15 00:00:00+00:00, run_after=2024-03-16 00:00:00+00:00
[2024-03-16T13:37:06.147+0000] {processor.py:183} INFO - Processing /home/airflow/.local/lib/python3.8/site-packages/airflow/example_dags/tutorial.py took 0.155 seconds
[2024-03-16T13:37:37.077+0000] {processor.py:161} INFO - Started process (PID=259) to work on /home/airflow/.local/lib/python3.8/site-packages/airflow/example_dags/tutorial.py
[2024-03-16T13:37:37.080+0000] {processor.py:830} INFO - Processing file /home/airflow/.local/lib/python3.8/site-packages/airflow/example_dags/tutorial.py for tasks to queue
[2024-03-16T13:37:37.087+0000] {logging_mixin.py:188} INFO - [2024-03-16T13:37:37.086+0000] {dagbag.py:540} INFO - Filling up the DagBag from /home/airflow/.local/lib/python3.8/site-packages/airflow/example_dags/tutorial.py
[2024-03-16T13:37:37.132+0000] {processor.py:840} INFO - DAG(s) 'tutorial' retrieved from /home/airflow/.local/lib/python3.8/site-packages/airflow/example_dags/tutorial.py
[2024-03-16T13:37:37.242+0000] {logging_mixin.py:188} INFO - [2024-03-16T13:37:37.241+0000] {dag.py:3047} INFO - Sync 1 DAGs
[2024-03-16T13:37:37.331+0000] {logging_mixin.py:188} INFO - [2024-03-16T13:37:37.330+0000] {dag.py:3834} INFO - Setting next_dagrun for tutorial to 2024-03-15 00:00:00+00:00, run_after=2024-03-16 00:00:00+00:00
[2024-03-16T13:37:37.442+0000] {processor.py:183} INFO - Processing /home/airflow/.local/lib/python3.8/site-packages/airflow/example_dags/tutorial.py took 0.374 seconds
[2024-03-16T13:42:04.401+0000] {processor.py:161} INFO - Started process (PID=332) to work on /home/airflow/.local/lib/python3.8/site-packages/airflow/example_dags/tutorial.py
[2024-03-16T13:42:04.434+0000] {processor.py:830} INFO - Processing file /home/airflow/.local/lib/python3.8/site-packages/airflow/example_dags/tutorial.py for tasks to queue
[2024-03-16T13:42:04.473+0000] {logging_mixin.py:188} INFO - [2024-03-16T13:42:04.451+0000] {dagbag.py:540} INFO - Filling up the DagBag from /home/airflow/.local/lib/python3.8/site-packages/airflow/example_dags/tutorial.py
[2024-03-16T13:42:04.727+0000] {processor.py:840} INFO - DAG(s) 'tutorial' retrieved from /home/airflow/.local/lib/python3.8/site-packages/airflow/example_dags/tutorial.py
[2024-03-16T13:42:23.782+0000] {logging_mixin.py:188} INFO - [2024-03-16T13:42:23.774+0000] {dag.py:3047} INFO - Sync 1 DAGs
[2024-03-16T13:42:24.697+0000] {logging_mixin.py:188} INFO - [2024-03-16T13:42:24.690+0000] {dag.py:3834} INFO - Setting next_dagrun for tutorial to 2024-03-15 00:00:00+00:00, run_after=2024-03-16 00:00:00+00:00
[2024-03-16T13:42:29.077+0000] {processor.py:183} INFO - Processing /home/airflow/.local/lib/python3.8/site-packages/airflow/example_dags/tutorial.py took 24.789 seconds
