[2024-03-16T13:35:48.640+0000] {processor.py:161} INFO - Started process (PID=72) to work on /home/airflow/.local/lib/python3.8/site-packages/airflow/example_dags/tutorial_objectstorage.py
[2024-03-16T13:35:48.642+0000] {processor.py:830} INFO - Processing file /home/airflow/.local/lib/python3.8/site-packages/airflow/example_dags/tutorial_objectstorage.py for tasks to queue
[2024-03-16T13:35:48.647+0000] {logging_mixin.py:188} INFO - [2024-03-16T13:35:48.646+0000] {dagbag.py:540} INFO - Filling up the DagBag from /home/airflow/.local/lib/python3.8/site-packages/airflow/example_dags/tutorial_objectstorage.py
[2024-03-16T13:35:48.673+0000] {processor.py:840} INFO - DAG(s) 'tutorial_objectstorage' retrieved from /home/airflow/.local/lib/python3.8/site-packages/airflow/example_dags/tutorial_objectstorage.py
[2024-03-16T13:35:48.868+0000] {logging_mixin.py:188} INFO - [2024-03-16T13:35:48.867+0000] {dag.py:3047} INFO - Sync 1 DAGs
[2024-03-16T13:35:48.893+0000] {logging_mixin.py:188} INFO - [2024-03-16T13:35:48.893+0000] {dag.py:3834} INFO - Setting next_dagrun for tutorial_objectstorage to None, run_after=None
[2024-03-16T13:35:48.938+0000] {processor.py:183} INFO - Processing /home/airflow/.local/lib/python3.8/site-packages/airflow/example_dags/tutorial_objectstorage.py took 0.305 seconds
[2024-03-16T13:36:19.035+0000] {processor.py:161} INFO - Started process (PID=127) to work on /home/airflow/.local/lib/python3.8/site-packages/airflow/example_dags/tutorial_objectstorage.py
[2024-03-16T13:36:19.040+0000] {processor.py:830} INFO - Processing file /home/airflow/.local/lib/python3.8/site-packages/airflow/example_dags/tutorial_objectstorage.py for tasks to queue
[2024-03-16T13:36:19.047+0000] {logging_mixin.py:188} INFO - [2024-03-16T13:36:19.046+0000] {dagbag.py:540} INFO - Filling up the DagBag from /home/airflow/.local/lib/python3.8/site-packages/airflow/example_dags/tutorial_objectstorage.py
[2024-03-16T13:36:19.062+0000] {processor.py:840} INFO - DAG(s) 'tutorial_objectstorage' retrieved from /home/airflow/.local/lib/python3.8/site-packages/airflow/example_dags/tutorial_objectstorage.py
[2024-03-16T13:36:19.107+0000] {logging_mixin.py:188} INFO - [2024-03-16T13:36:19.106+0000] {dag.py:3047} INFO - Sync 1 DAGs
[2024-03-16T13:36:19.146+0000] {logging_mixin.py:188} INFO - [2024-03-16T13:36:19.145+0000] {dag.py:3834} INFO - Setting next_dagrun for tutorial_objectstorage to None, run_after=None
[2024-03-16T13:36:19.188+0000] {processor.py:183} INFO - Processing /home/airflow/.local/lib/python3.8/site-packages/airflow/example_dags/tutorial_objectstorage.py took 0.161 seconds
[2024-03-16T13:36:50.284+0000] {processor.py:161} INFO - Started process (PID=182) to work on /home/airflow/.local/lib/python3.8/site-packages/airflow/example_dags/tutorial_objectstorage.py
[2024-03-16T13:36:50.287+0000] {processor.py:830} INFO - Processing file /home/airflow/.local/lib/python3.8/site-packages/airflow/example_dags/tutorial_objectstorage.py for tasks to queue
[2024-03-16T13:36:50.300+0000] {logging_mixin.py:188} INFO - [2024-03-16T13:36:50.297+0000] {dagbag.py:540} INFO - Filling up the DagBag from /home/airflow/.local/lib/python3.8/site-packages/airflow/example_dags/tutorial_objectstorage.py
[2024-03-16T13:36:50.364+0000] {processor.py:840} INFO - DAG(s) 'tutorial_objectstorage' retrieved from /home/airflow/.local/lib/python3.8/site-packages/airflow/example_dags/tutorial_objectstorage.py
[2024-03-16T13:36:50.476+0000] {logging_mixin.py:188} INFO - [2024-03-16T13:36:50.475+0000] {dag.py:3047} INFO - Sync 1 DAGs
[2024-03-16T13:36:50.529+0000] {logging_mixin.py:188} INFO - [2024-03-16T13:36:50.522+0000] {dag.py:3834} INFO - Setting next_dagrun for tutorial_objectstorage to None, run_after=None
[2024-03-16T13:36:50.592+0000] {processor.py:183} INFO - Processing /home/airflow/.local/lib/python3.8/site-packages/airflow/example_dags/tutorial_objectstorage.py took 0.319 seconds
[2024-03-16T13:37:20.737+0000] {processor.py:161} INFO - Started process (PID=238) to work on /home/airflow/.local/lib/python3.8/site-packages/airflow/example_dags/tutorial_objectstorage.py
[2024-03-16T13:37:20.739+0000] {processor.py:830} INFO - Processing file /home/airflow/.local/lib/python3.8/site-packages/airflow/example_dags/tutorial_objectstorage.py for tasks to queue
[2024-03-16T13:37:20.743+0000] {logging_mixin.py:188} INFO - [2024-03-16T13:37:20.743+0000] {dagbag.py:540} INFO - Filling up the DagBag from /home/airflow/.local/lib/python3.8/site-packages/airflow/example_dags/tutorial_objectstorage.py
[2024-03-16T13:37:20.763+0000] {processor.py:840} INFO - DAG(s) 'tutorial_objectstorage' retrieved from /home/airflow/.local/lib/python3.8/site-packages/airflow/example_dags/tutorial_objectstorage.py
[2024-03-16T13:37:20.806+0000] {logging_mixin.py:188} INFO - [2024-03-16T13:37:20.806+0000] {dag.py:3047} INFO - Sync 1 DAGs
[2024-03-16T13:37:20.828+0000] {logging_mixin.py:188} INFO - [2024-03-16T13:37:20.828+0000] {dag.py:3834} INFO - Setting next_dagrun for tutorial_objectstorage to None, run_after=None
[2024-03-16T13:37:20.869+0000] {processor.py:183} INFO - Processing /home/airflow/.local/lib/python3.8/site-packages/airflow/example_dags/tutorial_objectstorage.py took 0.138 seconds
[2024-03-16T13:40:40.814+0000] {processor.py:161} INFO - Started process (PID=305) to work on /home/airflow/.local/lib/python3.8/site-packages/airflow/example_dags/tutorial_objectstorage.py
[2024-03-16T13:40:40.827+0000] {processor.py:830} INFO - Processing file /home/airflow/.local/lib/python3.8/site-packages/airflow/example_dags/tutorial_objectstorage.py for tasks to queue
[2024-03-16T13:40:40.850+0000] {logging_mixin.py:188} INFO - [2024-03-16T13:40:40.835+0000] {dagbag.py:540} INFO - Filling up the DagBag from /home/airflow/.local/lib/python3.8/site-packages/airflow/example_dags/tutorial_objectstorage.py
[2024-03-16T13:40:41.250+0000] {processor.py:840} INFO - DAG(s) 'tutorial_objectstorage' retrieved from /home/airflow/.local/lib/python3.8/site-packages/airflow/example_dags/tutorial_objectstorage.py
[2024-03-16T13:40:43.918+0000] {logging_mixin.py:188} INFO - [2024-03-16T13:40:43.908+0000] {dag.py:3047} INFO - Sync 1 DAGs
[2024-03-16T13:40:53.842+0000] {logging_mixin.py:188} INFO - [2024-03-16T13:40:53.840+0000] {dag.py:3834} INFO - Setting next_dagrun for tutorial_objectstorage to None, run_after=None
[2024-03-16T13:40:54.217+0000] {processor.py:183} INFO - Processing /home/airflow/.local/lib/python3.8/site-packages/airflow/example_dags/tutorial_objectstorage.py took 13.454 seconds
